<?xml version="1.0" encoding="UTF-8"?>
<robot generator="Robot 7.4.2 (Python 3.10.15 on darwin)" generated="2026-03-28T09:15:37.078017" rpa="false" schemaversion="5">
<suite id="s1" name="Klar Demo" source="/Users/gerhardgustav/Desktop/openclaw-hack/property-intel/tests/klar_demo.robot">
<kw name="Open Klar App" type="SETUP">
<kw name="New Browser" owner="Browser">
<msg time="2026-03-28T09:15:37.286883" level="INFO">{"browser": "chromium", "headless": true, "chromiumSandbox": false, "devtools": false, "handleSIGHUP": true, "handleSIGINT": true, "handleSIGTERM": true, "slowMo": 0.0, "timeout": 30000.0, "tracesDir": "/Users/gerhardgustav/Desktop/openclaw-hack/property-intel/tests/results/browser/traces/temp/b03152c0-7a48-4a24-b50b-2d0fb698d946"}</msg>
<msg time="2026-03-28T09:15:37.316465" level="INFO">Starting Browser process /Users/gerhardgustav/.pyenv/versions/3.10.15/lib/python3.10/site-packages/Browser/wrapper/index.js using at 127.0.0.1:57860</msg>
<msg time="2026-03-28T09:15:39.683797" level="INFO">Successfully created browser with options: {"browser":"chromium","headless":true,"chromiumSandbox":false,"devtools":false,"handleSIGHUP":true,"handleSIGINT":true,"handleSIGTERM":true,"slowMo":0,"timeout":30000,"tracesDir":"/Users/gerhardgustav/Desktop/openclaw-hack/property-intel/tests/results/browser/traces/temp/b03152c0-7a48-4a24-b50b-2d0fb698d946"}</msg>
<arg>chromium</arg>
<arg>headless=true</arg>
<tag>BrowserControl</tag>
<tag>Setter</tag>
<doc>Create a new playwright Browser with specified options.</doc>
<status status="PASS" start="2026-03-28T09:15:37.286380" elapsed="2.397877"/>
</kw>
<kw name="New Context" owner="Browser">
<msg time="2026-03-28T09:15:39.686483" level="INFO">{
  "acceptDownloads": true,
  "bypassCSP": false,
  "forcedColors": "none",
  "ignoreHTTPSErrors": false,
  "javaScriptEnabled": true,
  "offline": false,
  "recordVideo": {
    "dir": "/Users/gerhardgustav/Desktop/openclaw-hack/property-intel/tests/results/videos",
    "size": {
      "width": 1440,
      "height": 900
    }
  },
  "reducedMotion": "no-preference",
  "serviceWorkers": "allow",
  "viewport": {
    "width": 1440,
    "height": 900
  }
}</msg>
<msg time="2026-03-28T09:15:39.693600" level="INFO">Successfully created context. </msg>
<msg time="2026-03-28T09:15:39.693670" level="INFO">{'acceptDownloads': True, 'bypassCSP': False, 'forcedColors': 'none', 'ignoreHTTPSErrors': False, 'javaScriptEnabled': True, 'offline': False, 'recordVideo': {'dir': '/Users/gerhardgustav/Desktop/openclaw-hack/property-intel/tests/results/videos', 'size': {'width': 1440, 'height': 900}}, 'reducedMotion': 'no-preference', 'serviceWorkers': 'allow', 'viewport': {'width': 1440, 'height': 900}}</msg>
<arg>viewport={"width": 1440, "height": 900}</arg>
<arg>recordVideo={"dir": "${OUTPUT_DIR}/videos", "size": {"width": 1440, "height": 900}}</arg>
<tag>BrowserControl</tag>
<tag>Setter</tag>
<doc>Create a new BrowserContext with specified options.</doc>
<status status="PASS" start="2026-03-28T09:15:39.684727" elapsed="0.009007"/>
</kw>
<kw name="New Page" owner="Browser">
<msg time="2026-03-28T09:15:49.912279" level="INFO">Keyword 'Take Screenshot  fail-screenshot-{index}' could not be run on failure:
Error: Tried to take screenshot, but no page was open.</msg>
<msg time="2026-03-28T09:15:49.912391" level="INFO">See also file:///Users/gerhardgustav/Desktop/openclaw-hack/property-intel/tests/results/playwright-log.txt for additional details.</msg>
<msg time="2026-03-28T09:15:49.913008" level="FAIL">TimeoutError: page.goto: Timeout 10000ms exceeded.
Call log:
  - navigating to "http://localhost:3000/", waiting until "load"
</msg>
<arg>${BASE_URL}</arg>
<tag>BrowserControl</tag>
<tag>Setter</tag>
<doc>Open a new Page.</doc>
<status status="FAIL" start="2026-03-28T09:15:39.693912" elapsed="10.222652">TimeoutError: page.goto: Timeout 10000ms exceeded.
Call log:
  - navigating to "http://localhost:3000/", waiting until "load"
</status>
</kw>
<kw name="Wait For Load State" owner="Browser">
<arg>domcontentloaded</arg>
<arg>timeout=${TIMEOUT}</arg>
<tag>PageContent</tag>
<tag>Wait</tag>
<doc>Waits that the page reaches the required load state.</doc>
<status status="NOT RUN" start="2026-03-28T09:15:49.916775" elapsed="0.000075"/>
</kw>
<status status="FAIL" start="2026-03-28T09:15:37.285622" elapsed="12.631356">TimeoutError: page.goto: Timeout 10000ms exceeded.
Call log:
  - navigating to "http://localhost:3000/", waiting until "load"
</status>
</kw>
<test id="s1-t1" name="Dashboard Shows Klar Navigation" line="42">
<doc>The nav bar shows "Klar" logo and 4 tabs</doc>
<status status="FAIL" start="2026-03-28T09:15:49.917080" elapsed="0.003291">Parent suite setup failed:
TimeoutError: page.goto: Timeout 10000ms exceeded.
Call log:
  - navigating to "http://localhost:3000/", waiting until "load"
</status>
</test>
<test id="s1-t2" name="Dashboard Shows Three Clients" line="48">
<doc>Dashboard lists 3 clients: Müller, Schmidt, Weber</doc>
<status status="FAIL" start="2026-03-28T09:15:49.928601" elapsed="0.002651">Parent suite setup failed:
TimeoutError: page.goto: Timeout 10000ms exceeded.
Call log:
  - navigating to "http://localhost:3000/", waiting until "load"
</status>
</test>
<test id="s1-t3" name="Dashboard Shows Client Statuses" line="55">
<doc>Each client has a status label</doc>
<status status="FAIL" start="2026-03-28T09:15:49.937659" elapsed="0.002498">Parent suite setup failed:
TimeoutError: page.goto: Timeout 10000ms exceeded.
Call log:
  - navigating to "http://localhost:3000/", waiting until "load"
</status>
</test>
<test id="s1-t4" name="Dashboard Shows Recent Activity" line="61">
<doc>Activity feed below client list</doc>
<status status="FAIL" start="2026-03-28T09:15:49.943071" elapsed="0.003029">Parent suite setup failed:
TimeoutError: page.goto: Timeout 10000ms exceeded.
Call log:
  - navigating to "http://localhost:3000/", waiting until "load"
</status>
</test>
<test id="s1-t5" name="Navigate To Müller Client Detail" line="71">
<doc>Click on Müller card to open client detail</doc>
<status status="FAIL" start="2026-03-28T09:15:49.950194" elapsed="0.002480">Parent suite setup failed:
TimeoutError: page.goto: Timeout 10000ms exceeded.
Call log:
  - navigating to "http://localhost:3000/", waiting until "load"
</status>
</test>
<test id="s1-t6" name="Client Detail Shows Call Transcript" line="77">
<doc>German phone call transcript visible</doc>
<status status="FAIL" start="2026-03-28T09:15:49.956989" elapsed="0.001770">Parent suite setup failed:
TimeoutError: page.goto: Timeout 10000ms exceeded.
Call log:
  - navigating to "http://localhost:3000/", waiting until "load"
</status>
</test>
<test id="s1-t7" name="Client Detail Shows Distilled Profile" line="84">
<doc>AI-extracted client profile with key fields</doc>
<status status="FAIL" start="2026-03-28T09:15:49.961730" elapsed="0.002093">Parent suite setup failed:
TimeoutError: page.goto: Timeout 10000ms exceeded.
Call log:
  - navigating to "http://localhost:3000/", waiting until "load"
</status>
</test>
<test id="s1-t8" name="Client Detail Shows Agent Edits" line="91">
<doc>Edited fields marked with indicator</doc>
<status status="FAIL" start="2026-03-28T09:15:49.967205" elapsed="0.001805">Parent suite setup failed:
TimeoutError: page.goto: Timeout 10000ms exceeded.
Call log:
  - navigating to "http://localhost:3000/", waiting until "load"
</status>
</test>
<test id="s1-t9" name="Client Detail Shows Priorities" line="95">
<doc>Ranked priority list from client conversation</doc>
<status status="FAIL" start="2026-03-28T09:15:49.971796" elapsed="0.001562">Parent suite setup failed:
TimeoutError: page.goto: Timeout 10000ms exceeded.
Call log:
  - navigating to "http://localhost:3000/", waiting until "load"
</status>
</test>
<test id="s1-t10" name="Client Detail Shows Search Criteria" line="100">
<doc>Derived search criteria as chips</doc>
<status status="FAIL" start="2026-03-28T09:15:49.976342" elapsed="0.001528">Parent suite setup failed:
TimeoutError: page.goto: Timeout 10000ms exceeded.
Call log:
  - navigating to "http://localhost:3000/", waiting until "load"
</status>
</test>
<test id="s1-t11" name="Client Detail Has Search Button" line="108">
<doc>"Suche starten" button present</doc>
<status status="FAIL" start="2026-03-28T09:15:49.980822" elapsed="0.001799">Parent suite setup failed:
TimeoutError: page.goto: Timeout 10000ms exceeded.
Call log:
  - navigating to "http://localhost:3000/", waiting until "load"
</status>
</test>
<test id="s1-t12" name="Pipeline Animation Runs" line="112">
<doc>Clicking search triggers 6-step animated pipeline</doc>
<status status="FAIL" start="2026-03-28T09:15:49.985570" elapsed="0.001667">Parent suite setup failed:
TimeoutError: page.goto: Timeout 10000ms exceeded.
Call log:
  - navigating to "http://localhost:3000/", waiting until "load"
</status>
</test>
<test id="s1-t13" name="Pipeline Shows Results" line="120">
<doc>After animation, property results appear</doc>
<status status="FAIL" start="2026-03-28T09:15:49.989893" elapsed="0.001686">Parent suite setup failed:
TimeoutError: page.goto: Timeout 10000ms exceeded.
Call log:
  - navigating to "http://localhost:3000/", waiting until "load"
</status>
</test>
<test id="s1-t14" name="Navigate To Curation" line="131">
<doc>Open curation page via nav</doc>
<status status="FAIL" start="2026-03-28T09:15:49.994440" elapsed="0.001644">Parent suite setup failed:
TimeoutError: page.goto: Timeout 10000ms exceeded.
Call log:
  - navigating to "http://localhost:3000/", waiting until "load"
</status>
</test>
<test id="s1-t15" name="Curation Shows Properties" line="137">
<doc>Property list with action buttons</doc>
<status status="FAIL" start="2026-03-28T09:15:49.998549" elapsed="0.001728">Parent suite setup failed:
TimeoutError: page.goto: Timeout 10000ms exceeded.
Call log:
  - navigating to "http://localhost:3000/", waiting until "load"
</status>
</test>
<test id="s1-t16" name="Navigate To Comparison" line="146">
<doc>Navigate to comparison gallery</doc>
<status status="FAIL" start="2026-03-28T09:15:50.003089" elapsed="0.001946">Parent suite setup failed:
TimeoutError: page.goto: Timeout 10000ms exceeded.
Call log:
  - navigating to "http://localhost:3000/", waiting until "load"
</status>
</test>
<test id="s1-t17" name="Comparison Shows Header" line="154">
<doc>Client-facing header with family name</doc>
<status status="FAIL" start="2026-03-28T09:15:50.007782" elapsed="0.001727">Parent suite setup failed:
TimeoutError: page.goto: Timeout 10000ms exceeded.
Call log:
  - navigating to "http://localhost:3000/", waiting until "load"
</status>
</test>
<test id="s1-t18" name="Comparison Shows Properties" line="158">
<doc>Three property cards with details</doc>
<status status="FAIL" start="2026-03-28T09:15:50.012252" elapsed="0.001440">Parent suite setup failed:
TimeoutError: page.goto: Timeout 10000ms exceeded.
Call log:
  - navigating to "http://localhost:3000/", waiting until "load"
</status>
</test>
<test id="s1-t19" name="Comparison Shows Prices" line="164">
<doc>Property prices visible</doc>
<status status="FAIL" start="2026-03-28T09:15:50.016217" elapsed="0.001615">Parent suite setup failed:
TimeoutError: page.goto: Timeout 10000ms exceeded.
Call log:
  - navigating to "http://localhost:3000/", waiting until "load"
</status>
</test>
<test id="s1-t20" name="Comparison Shows Signal Intelligence" line="169">
<doc>Signal badges on cards</doc>
<status status="FAIL" start="2026-03-28T09:15:50.020237" elapsed="0.001641">Parent suite setup failed:
TimeoutError: page.goto: Timeout 10000ms exceeded.
Call log:
  - navigating to "http://localhost:3000/", waiting until "load"
</status>
</test>
<test id="s1-t21" name="Comparison Shows Feature Matching" line="174">
<doc>"Why this matches" sections</doc>
<status status="FAIL" start="2026-03-28T09:15:50.024308" elapsed="0.001879">Parent suite setup failed:
TimeoutError: page.goto: Timeout 10000ms exceeded.
Call log:
  - navigating to "http://localhost:3000/", waiting until "load"
</status>
</test>
<test id="s1-t22" name="Comparison Shows Quick Questions" line="179">
<doc>Quick question pill buttons</doc>
<status status="FAIL" start="2026-03-28T09:15:50.029077" elapsed="0.001596">Parent suite setup failed:
TimeoutError: page.goto: Timeout 10000ms exceeded.
Call log:
  - navigating to "http://localhost:3000/", waiting until "load"
</status>
</test>
<test id="s1-t23" name="Comparison Has Chat Input" line="185">
<doc>Chat input for property questions</doc>
<status status="FAIL" start="2026-03-28T09:15:50.033660" elapsed="0.001511">Parent suite setup failed:
TimeoutError: page.goto: Timeout 10000ms exceeded.
Call log:
  - navigating to "http://localhost:3000/", waiting until "load"
</status>
</test>
<test id="s1-t24" name="Comparison Has Voice FAB" line="189">
<doc>Copper microphone button</doc>
<status status="FAIL" start="2026-03-28T09:15:50.038434" elapsed="0.001490">Parent suite setup failed:
TimeoutError: page.goto: Timeout 10000ms exceeded.
Call log:
  - navigating to "http://localhost:3000/", waiting until "load"
</status>
</test>
<test id="s1-t25" name="Comparison Shows Footer" line="193">
<doc>Branding footer</doc>
<status status="FAIL" start="2026-03-28T09:15:50.042772" elapsed="0.001641">Parent suite setup failed:
TimeoutError: page.goto: Timeout 10000ms exceeded.
Call log:
  - navigating to "http://localhost:3000/", waiting until "load"
</status>
</test>
<test id="s1-t26" name="Navigate To Email" line="202">
<doc>Open email inbox</doc>
<status status="FAIL" start="2026-03-28T09:15:50.047262" elapsed="0.001740">Parent suite setup failed:
TimeoutError: page.goto: Timeout 10000ms exceeded.
Call log:
  - navigating to "http://localhost:3000/", waiting until "load"
</status>
</test>
<test id="s1-t27" name="Email Shows Inbox" line="208">
<doc>Inbox header and email list</doc>
<status status="FAIL" start="2026-03-28T09:15:50.051425" elapsed="0.001555">Parent suite setup failed:
TimeoutError: page.goto: Timeout 10000ms exceeded.
Call log:
  - navigating to "http://localhost:3000/", waiting until "load"
</status>
</test>
<test id="s1-t28" name="Email Shows German Emails" line="212">
<doc>German email subjects visible</doc>
<status status="FAIL" start="2026-03-28T09:15:50.055520" elapsed="0.001589">Parent suite setup failed:
TimeoutError: page.goto: Timeout 10000ms exceeded.
Call log:
  - navigating to "http://localhost:3000/", waiting until "load"
</status>
</test>
<test id="s1-t29" name="Email Shows AI Labels" line="217">
<doc>AI-assigned priority labels</doc>
<status status="FAIL" start="2026-03-28T09:15:50.059693" elapsed="0.001729">Parent suite setup failed:
TimeoutError: page.goto: Timeout 10000ms exceeded.
Call log:
  - navigating to "http://localhost:3000/", waiting until "load"
</status>
</test>
<test id="s1-t30" name="Navigate To Email Detail" line="226">
<doc>Click email to open detail</doc>
<status status="FAIL" start="2026-03-28T09:15:50.063799" elapsed="0.001505">Parent suite setup failed:
TimeoutError: page.goto: Timeout 10000ms exceeded.
Call log:
  - navigating to "http://localhost:3000/", waiting until "load"
</status>
</test>
<test id="s1-t31" name="Email Detail Shows Content" line="233">
<doc>Full email body displayed</doc>
<status status="FAIL" start="2026-03-28T09:15:50.068043" elapsed="0.002884">Parent suite setup failed:
TimeoutError: page.goto: Timeout 10000ms exceeded.
Call log:
  - navigating to "http://localhost:3000/", waiting until "load"
</status>
</test>
<test id="s1-t32" name="Email Detail Shows AI Section" line="238">
<doc>AI analysis or suggested response</doc>
<status status="FAIL" start="2026-03-28T09:15:50.078057" elapsed="0.001497">Parent suite setup failed:
TimeoutError: page.goto: Timeout 10000ms exceeded.
Call log:
  - navigating to "http://localhost:3000/", waiting until "load"
</status>
</test>
<test id="s1-t33" name="Full Demo Path Works" line="247">
<doc>Complete demo: Dashboard → Client → Pipeline → Comparison</doc>
<status status="FAIL" start="2026-03-28T09:15:50.083042" elapsed="0.001449">Parent suite setup failed:
TimeoutError: page.goto: Timeout 10000ms exceeded.
Call log:
  - navigating to "http://localhost:3000/", waiting until "load"
</status>
</test>
<kw name="Close Browser" owner="Browser" type="TEARDOWN">
<msg time="2026-03-28T09:15:51.238138" level="INFO">Closed browser</msg>
<tag>BrowserControl</tag>
<tag>Setter</tag>
<doc>Closes the current browser.</doc>
<status status="PASS" start="2026-03-28T09:15:50.087524" elapsed="1.150766"/>
</kw>
<status status="FAIL" start="2026-03-28T09:15:37.079527" elapsed="14.158831">Suite setup failed:
TimeoutError: page.goto: Timeout 10000ms exceeded.
Call log:
  - navigating to "http://localhost:3000/", waiting until "load"
</status>
</suite>
<statistics>
<total>
<stat pass="0" fail="33" skip="0">All Tests</stat>
</total>
<tag>
</tag>
<suite>
<stat name="Klar Demo" id="s1" pass="0" fail="33" skip="0">Klar Demo</stat>
</suite>
</statistics>
<errors>
</errors>
</robot>
