<?xml version="1.0" encoding="UTF-8"?>
<robot generator="Robot 7.4.2 (Python 3.10.15 on darwin)" generated="2026-03-28T08:46:22.021613" rpa="false" schemaversion="5">
<suite id="s1" name="Klar Demo" source="/Users/gerhardgustav/Desktop/openclaw-hack/property-intel/tests/klar_demo.robot">
<kw name="Open Klar App" type="SETUP">
<kw name="New Browser" owner="Browser">
<msg time="2026-03-28T08:46:22.205053" level="INFO">{"browser": "chromium", "headless": true, "chromiumSandbox": false, "devtools": false, "handleSIGHUP": true, "handleSIGINT": true, "handleSIGTERM": true, "slowMo": 0.0, "timeout": 30000.0, "tracesDir": "/Users/gerhardgustav/Desktop/openclaw-hack/property-intel/tests/results/browser/traces/temp/7d771c4e-0d82-401f-af2e-b112c263b143"}</msg>
<msg time="2026-03-28T08:46:22.232681" level="INFO">Starting Browser process /Users/gerhardgustav/.pyenv/versions/3.10.15/lib/python3.10/site-packages/Browser/wrapper/index.js using at 127.0.0.1:57320</msg>
<msg time="2026-03-28T08:46:24.481019" level="INFO">Successfully created browser with options: {"browser":"chromium","headless":true,"chromiumSandbox":false,"devtools":false,"handleSIGHUP":true,"handleSIGINT":true,"handleSIGTERM":true,"slowMo":0,"timeout":30000,"tracesDir":"/Users/gerhardgustav/Desktop/openclaw-hack/property-intel/tests/results/browser/traces/temp/7d771c4e-0d82-401f-af2e-b112c263b143"}</msg>
<arg>chromium</arg>
<arg>headless=true</arg>
<tag>BrowserControl</tag>
<tag>Setter</tag>
<doc>Create a new playwright Browser with specified options.</doc>
<status status="PASS" start="2026-03-28T08:46:22.204648" elapsed="2.276959"/>
</kw>
<kw name="New Context" owner="Browser">
<msg time="2026-03-28T08:46:24.484076" level="INFO">{
  "acceptDownloads": true,
  "bypassCSP": false,
  "forcedColors": "none",
  "ignoreHTTPSErrors": false,
  "javaScriptEnabled": true,
  "offline": false,
  "reducedMotion": "no-preference",
  "serviceWorkers": "allow",
  "viewport": {
    "width": 1440,
    "height": 900
  }
}</msg>
<msg time="2026-03-28T08:46:24.491974" level="INFO">Successfully created context. </msg>
<msg time="2026-03-28T08:46:24.492065" level="INFO">{'acceptDownloads': True, 'bypassCSP': False, 'forcedColors': 'none', 'ignoreHTTPSErrors': False, 'javaScriptEnabled': True, 'offline': False, 'reducedMotion': 'no-preference', 'serviceWorkers': 'allow', 'viewport': {'width': 1440, 'height': 900}}</msg>
<arg>viewport={"width": 1440, "height": 900}</arg>
<tag>BrowserControl</tag>
<tag>Setter</tag>
<doc>Create a new BrowserContext with specified options.</doc>
<status status="PASS" start="2026-03-28T08:46:24.482001" elapsed="0.010150"/>
</kw>
<kw name="New Page" owner="Browser">
<msg time="2026-03-28T08:46:24.940774" level="INFO">Successfully initialized new page object and opened url: http://localhost:3000</msg>
<arg>${BASE_URL}</arg>
<tag>BrowserControl</tag>
<tag>Setter</tag>
<doc>Open a new Page.</doc>
<status status="PASS" start="2026-03-28T08:46:24.492353" elapsed="0.448587"/>
</kw>
<kw name="Wait For Load State" owner="Browser">
<msg time="2026-03-28T08:46:24.942188" level="INFO">Waiting page load to state to receive domcontentloaded in 15000.0</msg>
<msg time="2026-03-28T08:46:24.945065" level="INFO">Load state domcontentloaded got in 15000</msg>
<arg>domcontentloaded</arg>
<arg>timeout=${TIMEOUT}</arg>
<tag>PageContent</tag>
<tag>Wait</tag>
<doc>Waits that the page reaches the required load state.</doc>
<status status="PASS" start="2026-03-28T08:46:24.941126" elapsed="0.004049"/>
</kw>
<status status="PASS" start="2026-03-28T08:46:22.204160" elapsed="2.741145"/>
</kw>
<test id="s1-t1" name="Dashboard Shows Klar Navigation" line="42">
<kw name="Get Text" owner="Browser">
<msg time="2026-03-28T08:46:25.017158" level="INFO">Text: 'Klar'</msg>
<arg>nav &gt;&gt; text=Klar</arg>
<arg>==</arg>
<arg>Klar</arg>
<tag>Assertion</tag>
<tag>Getter</tag>
<tag>PageContent</tag>
<doc>Returns text attribute of the element found by ``selector``.</doc>
<status status="PASS" start="2026-03-28T08:46:24.972174" elapsed="0.045162"/>
</kw>
<kw name="Get Element Count" owner="Browser">
<arg>nav &gt;&gt; a</arg>
<arg>&gt;=</arg>
<arg>4</arg>
<tag>Assertion</tag>
<tag>Getter</tag>
<tag>PageContent</tag>
<doc>Returns the count of elements found with ``selector``.</doc>
<status status="PASS" start="2026-03-28T08:46:25.017504" elapsed="0.003801"/>
</kw>
<kw name="Take Evidence Screenshot">
<kw name="Take Screenshot" owner="Browser">
<msg time="2026-03-28T08:46:25.095240" level="INFO" html="true">&lt;/td&gt;&lt;/tr&gt;&lt;tr&gt;&lt;td colspan="3"&gt;&lt;a href="browser/screenshot/01-dashboard-nav.png" target="_blank"&gt;&lt;img src="browser/screenshot/01-dashboard-nav.png" width="800px"/&gt;&lt;/a&gt;</msg>
<arg>filename=${name}</arg>
<arg>fullPage=true</arg>
<tag>PageContent</tag>
<doc>Takes a screenshot of the current window or element and saves it to disk.</doc>
<status status="PASS" start="2026-03-28T08:46:25.021827" elapsed="0.073517"/>
</kw>
<arg>01-dashboard-nav</arg>
<status status="PASS" start="2026-03-28T08:46:25.021519" elapsed="0.073946"/>
</kw>
<doc>The nav bar shows "Klar" logo and 4 tabs</doc>
<status status="PASS" start="2026-03-28T08:46:24.945556" elapsed="0.150055"/>
</test>
<test id="s1-t2" name="Dashboard Shows Three Clients" line="48">
<kw name="Main Text Should Contain">
<kw name="Get Text" owner="Browser">
<msg time="2026-03-28T08:46:25.108704" level="INFO">Text: 'IHRE KLIENTEN\n\nMF\nFamilie Müller\nSUCHE AKTIV\n\n3+ Zimmer, Bezirke 2-9, Budget €300k-€450k\n\nHeute, 09:15\n\n→\nHS\nHerr Schmidt\nBESICHTIGUNG GEPLANT\n\nBesichtigung Fr 14:00, Josefstädter Str. 71\n\nGestern, 16:30\n\n→\nFW\nFrau Weber\nNEUE ANFRAGE\n\n3-Zi, Bezirk 3, ca. €350.000\n\nHeute, 10:42\n\n→\n\nLETZTE AKTIVITÄTEN\n\nNEUE ANFRAGE\n10:42\n\nFrau Weber · 3-Zi Bezirk 3 · €350.000\n\nKI-Antwort erstellt · 3 passende Objekte gefunden\n\nAntworten\nProfil erstellen\nSIGNAL\n\nInsolvenzverfahren — Taborstraße 18, 1020 Wien\n\nDonau Immobilien GmbH · Aktenzeichen 3S 42/26 · Betrifft Penthouse Praterstern\n\nINSOLVENZ\nVERHANDLUNGSSPIELRAUM\nDetails\nBESTÄTIGT\n\nHerr Schmidt · Besichtigung Fr 14:00 · Josefstädter Str. 71\n\nGeneralsaniert in Josefstadt · €375.000\n\nINFO\n\nMarktbericht Q1 2026 — Wien Wohnungsmarkt\n\nPreisrückgang 2,3% · Altbau stabil · 3-4 Zi Nachfrage steigt'</msg>
<msg time="2026-03-28T08:46:25.108940" level="INFO">${text} = IHRE KLIENTEN

MF
Familie Müller
SUCHE AKTIV

3+ Zimmer, Bezirke 2-9, Budget €300k-€450k

Heute, 09:15

→
HS
Herr Schmidt
BESICHTIGUNG GEPLANT

Besichtigung Fr 14:00, Josefstädter Str. 71

Gestern, 16...</msg>
<var>${text}</var>
<arg>main</arg>
<tag>Assertion</tag>
<tag>Getter</tag>
<tag>PageContent</tag>
<doc>Returns text attribute of the element found by ``selector``.</doc>
<status status="PASS" start="2026-03-28T08:46:25.102080" elapsed="0.006890"/>
</kw>
<kw name="Convert To Lower Case" owner="String">
<msg time="2026-03-28T08:46:25.109410" level="INFO">${lower} = ihre klienten

mf
familie müller
suche aktiv

3+ zimmer, bezirke 2-9, budget €300k-€450k

heute, 09:15

→
hs
herr schmidt
besichtigung geplant

besichtigung fr 14:00, josefstädter str. 71

gestern, 16...</msg>
<var>${lower}</var>
<arg>${text}</arg>
<doc>Converts string to lower case.</doc>
<status status="PASS" start="2026-03-28T08:46:25.109137" elapsed="0.000297"/>
</kw>
<kw name="Convert To Lower Case" owner="String">
<msg time="2026-03-28T08:46:25.109654" level="INFO">${expected_lower} = familie müller</msg>
<var>${expected_lower}</var>
<arg>${expected}</arg>
<doc>Converts string to lower case.</doc>
<status status="PASS" start="2026-03-28T08:46:25.109512" elapsed="0.000160"/>
</kw>
<kw name="Should Contain" owner="BuiltIn">
<arg>${lower}</arg>
<arg>${expected_lower}</arg>
<doc>Fails if ``container`` does not contain ``item`` one or more times.</doc>
<status status="PASS" start="2026-03-28T08:46:25.109748" elapsed="0.000373"/>
</kw>
<arg>Familie Müller</arg>
<status status="PASS" start="2026-03-28T08:46:25.101765" elapsed="0.008417"/>
</kw>
<kw name="Main Text Should Contain">
<kw name="Get Text" owner="Browser">
<msg time="2026-03-28T08:46:25.116672" level="INFO">Text: 'IHRE KLIENTEN\n\nMF\nFamilie Müller\nSUCHE AKTIV\n\n3+ Zimmer, Bezirke 2-9, Budget €300k-€450k\n\nHeute, 09:15\n\n→\nHS\nHerr Schmidt\nBESICHTIGUNG GEPLANT\n\nBesichtigung Fr 14:00, Josefstädter Str. 71\n\nGestern, 16:30\n\n→\nFW\nFrau Weber\nNEUE ANFRAGE\n\n3-Zi, Bezirk 3, ca. €350.000\n\nHeute, 10:42\n\n→\n\nLETZTE AKTIVITÄTEN\n\nNEUE ANFRAGE\n10:42\n\nFrau Weber · 3-Zi Bezirk 3 · €350.000\n\nKI-Antwort erstellt · 3 passende Objekte gefunden\n\nAntworten\nProfil erstellen\nSIGNAL\n\nInsolvenzverfahren — Taborstraße 18, 1020 Wien\n\nDonau Immobilien GmbH · Aktenzeichen 3S 42/26 · Betrifft Penthouse Praterstern\n\nINSOLVENZ\nVERHANDLUNGSSPIELRAUM\nDetails\nBESTÄTIGT\n\nHerr Schmidt · Besichtigung Fr 14:00 · Josefstädter Str. 71\n\nGeneralsaniert in Josefstadt · €375.000\n\nINFO\n\nMarktbericht Q1 2026 — Wien Wohnungsmarkt\n\nPreisrückgang 2,3% · Altbau stabil · 3-4 Zi Nachfrage steigt'</msg>
<msg time="2026-03-28T08:46:25.116854" level="INFO">${text} = IHRE KLIENTEN

MF
Familie Müller
SUCHE AKTIV

3+ Zimmer, Bezirke 2-9, Budget €300k-€450k

Heute, 09:15

→
HS
Herr Schmidt
BESICHTIGUNG GEPLANT

Besichtigung Fr 14:00, Josefstädter Str. 71

Gestern, 16...</msg>
<var>${text}</var>
<arg>main</arg>
<tag>Assertion</tag>
<tag>Getter</tag>
<tag>PageContent</tag>
<doc>Returns text attribute of the element found by ``selector``.</doc>
<status status="PASS" start="2026-03-28T08:46:25.110502" elapsed="0.006375"/>
</kw>
<kw name="Convert To Lower Case" owner="String">
<msg time="2026-03-28T08:46:25.117312" level="INFO">${lower} = ihre klienten

mf
familie müller
suche aktiv

3+ zimmer, bezirke 2-9, budget €300k-€450k

heute, 09:15

→
hs
herr schmidt
besichtigung geplant

besichtigung fr 14:00, josefstädter str. 71

gestern, 16...</msg>
<var>${lower}</var>
<arg>${text}</arg>
<doc>Converts string to lower case.</doc>
<status status="PASS" start="2026-03-28T08:46:25.117013" elapsed="0.000326"/>
</kw>
<kw name="Convert To Lower Case" owner="String">
<msg time="2026-03-28T08:46:25.117583" level="INFO">${expected_lower} = herr schmidt</msg>
<var>${expected_lower}</var>
<arg>${expected}</arg>
<doc>Converts string to lower case.</doc>
<status status="PASS" start="2026-03-28T08:46:25.117424" elapsed="0.000179"/>
</kw>
<kw name="Should Contain" owner="BuiltIn">
<arg>${lower}</arg>
<arg>${expected_lower}</arg>
<doc>Fails if ``container`` does not contain ``item`` one or more times.</doc>
<status status="PASS" start="2026-03-28T08:46:25.117701" elapsed="0.000313"/>
</kw>
<arg>Herr Schmidt</arg>
<status status="PASS" start="2026-03-28T08:46:25.110302" elapsed="0.007787"/>
</kw>
<kw name="Main Text Should Contain">
<kw name="Get Text" owner="Browser">
<msg time="2026-03-28T08:46:25.124613" level="INFO">Text: 'IHRE KLIENTEN\n\nMF\nFamilie Müller\nSUCHE AKTIV\n\n3+ Zimmer, Bezirke 2-9, Budget €300k-€450k\n\nHeute, 09:15\n\n→\nHS\nHerr Schmidt\nBESICHTIGUNG GEPLANT\n\nBesichtigung Fr 14:00, Josefstädter Str. 71\n\nGestern, 16:30\n\n→\nFW\nFrau Weber\nNEUE ANFRAGE\n\n3-Zi, Bezirk 3, ca. €350.000\n\nHeute, 10:42\n\n→\n\nLETZTE AKTIVITÄTEN\n\nNEUE ANFRAGE\n10:42\n\nFrau Weber · 3-Zi Bezirk 3 · €350.000\n\nKI-Antwort erstellt · 3 passende Objekte gefunden\n\nAntworten\nProfil erstellen\nSIGNAL\n\nInsolvenzverfahren — Taborstraße 18, 1020 Wien\n\nDonau Immobilien GmbH · Aktenzeichen 3S 42/26 · Betrifft Penthouse Praterstern\n\nINSOLVENZ\nVERHANDLUNGSSPIELRAUM\nDetails\nBESTÄTIGT\n\nHerr Schmidt · Besichtigung Fr 14:00 · Josefstädter Str. 71\n\nGeneralsaniert in Josefstadt · €375.000\n\nINFO\n\nMarktbericht Q1 2026 — Wien Wohnungsmarkt\n\nPreisrückgang 2,3% · Altbau stabil · 3-4 Zi Nachfrage steigt'</msg>
<msg time="2026-03-28T08:46:25.124762" level="INFO">${text} = IHRE KLIENTEN

MF
Familie Müller
SUCHE AKTIV

3+ Zimmer, Bezirke 2-9, Budget €300k-€450k

Heute, 09:15

→
HS
Herr Schmidt
BESICHTIGUNG GEPLANT

Besichtigung Fr 14:00, Josefstädter Str. 71

Gestern, 16...</msg>
<var>${text}</var>
<arg>main</arg>
<tag>Assertion</tag>
<tag>Getter</tag>
<tag>PageContent</tag>
<doc>Returns text attribute of the element found by ``selector``.</doc>
<status status="PASS" start="2026-03-28T08:46:25.118434" elapsed="0.006352"/>
</kw>
<kw name="Convert To Lower Case" owner="String">
<msg time="2026-03-28T08:46:25.125154" level="INFO">${lower} = ihre klienten

mf
familie müller
suche aktiv

3+ zimmer, bezirke 2-9, budget €300k-€450k

heute, 09:15

→
hs
herr schmidt
besichtigung geplant

besichtigung fr 14:00, josefstädter str. 71

gestern, 16...</msg>
<var>${lower}</var>
<arg>${text}</arg>
<doc>Converts string to lower case.</doc>
<status status="PASS" start="2026-03-28T08:46:25.124931" elapsed="0.000246"/>
</kw>
<kw name="Convert To Lower Case" owner="String">
<msg time="2026-03-28T08:46:25.125463" level="INFO">${expected_lower} = frau weber</msg>
<var>${expected_lower}</var>
<arg>${expected}</arg>
<doc>Converts string to lower case.</doc>
<status status="PASS" start="2026-03-28T08:46:25.125276" elapsed="0.000211"/>
</kw>
<kw name="Should Contain" owner="BuiltIn">
<arg>${lower}</arg>
<arg>${expected_lower}</arg>
<doc>Fails if ``container`` does not contain ``item`` one or more times.</doc>
<status status="PASS" start="2026-03-28T08:46:25.125583" elapsed="0.000305"/>
</kw>
<arg>Frau Weber</arg>
<status status="PASS" start="2026-03-28T08:46:25.118215" elapsed="0.007732"/>
</kw>
<kw name="Take Evidence Screenshot">
<kw name="Take Screenshot" owner="Browser">
<msg time="2026-03-28T08:46:25.192999" level="INFO" html="true">&lt;/td&gt;&lt;/tr&gt;&lt;tr&gt;&lt;td colspan="3"&gt;&lt;a href="browser/screenshot/02-dashboard-clients.png" target="_blank"&gt;&lt;img src="browser/screenshot/02-dashboard-clients.png" width="800px"/&gt;&lt;/a&gt;</msg>
<arg>filename=${name}</arg>
<arg>fullPage=true</arg>
<tag>PageContent</tag>
<doc>Takes a screenshot of the current window or element and saves it to disk.</doc>
<status status="PASS" start="2026-03-28T08:46:25.126312" elapsed="0.066795"/>
</kw>
<arg>02-dashboard-clients</arg>
<status status="PASS" start="2026-03-28T08:46:25.126068" elapsed="0.067129"/>
</kw>
<doc>Dashboard lists 3 clients: Müller, Schmidt, Weber</doc>
<status status="PASS" start="2026-03-28T08:46:25.099492" elapsed="0.093796"/>
</test>
<test id="s1-t3" name="Dashboard Shows Client Statuses" line="55">
<kw name="Main Text Should Contain">
<kw name="Get Text" owner="Browser">
<msg time="2026-03-28T08:46:25.204494" level="INFO">Text: 'IHRE KLIENTEN\n\nMF\nFamilie Müller\nSUCHE AKTIV\n\n3+ Zimmer, Bezirke 2-9, Budget €300k-€450k\n\nHeute, 09:15\n\n→\nHS\nHerr Schmidt\nBESICHTIGUNG GEPLANT\n\nBesichtigung Fr 14:00, Josefstädter Str. 71\n\nGestern, 16:30\n\n→\nFW\nFrau Weber\nNEUE ANFRAGE\n\n3-Zi, Bezirk 3, ca. €350.000\n\nHeute, 10:42\n\n→\n\nLETZTE AKTIVITÄTEN\n\nNEUE ANFRAGE\n10:42\n\nFrau Weber · 3-Zi Bezirk 3 · €350.000\n\nKI-Antwort erstellt · 3 passende Objekte gefunden\n\nAntworten\nProfil erstellen\nSIGNAL\n\nInsolvenzverfahren — Taborstraße 18, 1020 Wien\n\nDonau Immobilien GmbH · Aktenzeichen 3S 42/26 · Betrifft Penthouse Praterstern\n\nINSOLVENZ\nVERHANDLUNGSSPIELRAUM\nDetails\nBESTÄTIGT\n\nHerr Schmidt · Besichtigung Fr 14:00 · Josefstädter Str. 71\n\nGeneralsaniert in Josefstadt · €375.000\n\nINFO\n\nMarktbericht Q1 2026 — Wien Wohnungsmarkt\n\nPreisrückgang 2,3% · Altbau stabil · 3-4 Zi Nachfrage steigt'</msg>
<msg time="2026-03-28T08:46:25.204642" level="INFO">${text} = IHRE KLIENTEN

MF
Familie Müller
SUCHE AKTIV

3+ Zimmer, Bezirke 2-9, Budget €300k-€450k

Heute, 09:15

→
HS
Herr Schmidt
BESICHTIGUNG GEPLANT

Besichtigung Fr 14:00, Josefstädter Str. 71

Gestern, 16...</msg>
<var>${text}</var>
<arg>main</arg>
<tag>Assertion</tag>
<tag>Getter</tag>
<tag>PageContent</tag>
<doc>Returns text attribute of the element found by ``selector``.</doc>
<status status="PASS" start="2026-03-28T08:46:25.198900" elapsed="0.005767"/>
</kw>
<kw name="Convert To Lower Case" owner="String">
<msg time="2026-03-28T08:46:25.205085" level="INFO">${lower} = ihre klienten

mf
familie müller
suche aktiv

3+ zimmer, bezirke 2-9, budget €300k-€450k

heute, 09:15

→
hs
herr schmidt
besichtigung geplant

besichtigung fr 14:00, josefstädter str. 71

gestern, 16...</msg>
<var>${lower}</var>
<arg>${text}</arg>
<doc>Converts string to lower case.</doc>
<status status="PASS" start="2026-03-28T08:46:25.204828" elapsed="0.000324"/>
</kw>
<kw name="Convert To Lower Case" owner="String">
<msg time="2026-03-28T08:46:25.205381" level="INFO">${expected_lower} = suche aktiv</msg>
<var>${expected_lower}</var>
<arg>${expected}</arg>
<doc>Converts string to lower case.</doc>
<status status="PASS" start="2026-03-28T08:46:25.205231" elapsed="0.000169"/>
</kw>
<kw name="Should Contain" owner="BuiltIn">
<arg>${lower}</arg>
<arg>${expected_lower}</arg>
<doc>Fails if ``container`` does not contain ``item`` one or more times.</doc>
<status status="PASS" start="2026-03-28T08:46:25.205473" elapsed="0.000269"/>
</kw>
<arg>Suche aktiv</arg>
<status status="PASS" start="2026-03-28T08:46:25.198535" elapsed="0.007284"/>
</kw>
<kw name="Main Text Should Contain">
<kw name="Get Text" owner="Browser">
<msg time="2026-03-28T08:46:25.213261" level="INFO">Text: 'IHRE KLIENTEN\n\nMF\nFamilie Müller\nSUCHE AKTIV\n\n3+ Zimmer, Bezirke 2-9, Budget €300k-€450k\n\nHeute, 09:15\n\n→\nHS\nHerr Schmidt\nBESICHTIGUNG GEPLANT\n\nBesichtigung Fr 14:00, Josefstädter Str. 71\n\nGestern, 16:30\n\n→\nFW\nFrau Weber\nNEUE ANFRAGE\n\n3-Zi, Bezirk 3, ca. €350.000\n\nHeute, 10:42\n\n→\n\nLETZTE AKTIVITÄTEN\n\nNEUE ANFRAGE\n10:42\n\nFrau Weber · 3-Zi Bezirk 3 · €350.000\n\nKI-Antwort erstellt · 3 passende Objekte gefunden\n\nAntworten\nProfil erstellen\nSIGNAL\n\nInsolvenzverfahren — Taborstraße 18, 1020 Wien\n\nDonau Immobilien GmbH · Aktenzeichen 3S 42/26 · Betrifft Penthouse Praterstern\n\nINSOLVENZ\nVERHANDLUNGSSPIELRAUM\nDetails\nBESTÄTIGT\n\nHerr Schmidt · Besichtigung Fr 14:00 · Josefstädter Str. 71\n\nGeneralsaniert in Josefstadt · €375.000\n\nINFO\n\nMarktbericht Q1 2026 — Wien Wohnungsmarkt\n\nPreisrückgang 2,3% · Altbau stabil · 3-4 Zi Nachfrage steigt'</msg>
<msg time="2026-03-28T08:46:25.213410" level="INFO">${text} = IHRE KLIENTEN

MF
Familie Müller
SUCHE AKTIV

3+ Zimmer, Bezirke 2-9, Budget €300k-€450k

Heute, 09:15

→
HS
Herr Schmidt
BESICHTIGUNG GEPLANT

Besichtigung Fr 14:00, Josefstädter Str. 71

Gestern, 16...</msg>
<var>${text}</var>
<arg>main</arg>
<tag>Assertion</tag>
<tag>Getter</tag>
<tag>PageContent</tag>
<doc>Returns text attribute of the element found by ``selector``.</doc>
<status status="PASS" start="2026-03-28T08:46:25.206146" elapsed="0.007289"/>
</kw>
<kw name="Convert To Lower Case" owner="String">
<msg time="2026-03-28T08:46:25.213835" level="INFO">${lower} = ihre klienten

mf
familie müller
suche aktiv

3+ zimmer, bezirke 2-9, budget €300k-€450k

heute, 09:15

→
hs
herr schmidt
besichtigung geplant

besichtigung fr 14:00, josefstädter str. 71

gestern, 16...</msg>
<var>${lower}</var>
<arg>${text}</arg>
<doc>Converts string to lower case.</doc>
<status status="PASS" start="2026-03-28T08:46:25.213585" elapsed="0.000272"/>
</kw>
<kw name="Convert To Lower Case" owner="String">
<msg time="2026-03-28T08:46:25.214072" level="INFO">${expected_lower} = besichtigung geplant</msg>
<var>${expected_lower}</var>
<arg>${expected}</arg>
<doc>Converts string to lower case.</doc>
<status status="PASS" start="2026-03-28T08:46:25.213933" elapsed="0.000157"/>
</kw>
<kw name="Should Contain" owner="BuiltIn">
<arg>${lower}</arg>
<arg>${expected_lower}</arg>
<doc>Fails if ``container`` does not contain ``item`` one or more times.</doc>
<status status="PASS" start="2026-03-28T08:46:25.214160" elapsed="0.000261"/>
</kw>
<arg>Besichtigung geplant</arg>
<status status="PASS" start="2026-03-28T08:46:25.205941" elapsed="0.008537"/>
</kw>
<kw name="Main Text Should Contain">
<kw name="Get Text" owner="Browser">
<msg time="2026-03-28T08:46:25.221351" level="INFO">Text: 'IHRE KLIENTEN\n\nMF\nFamilie Müller\nSUCHE AKTIV\n\n3+ Zimmer, Bezirke 2-9, Budget €300k-€450k\n\nHeute, 09:15\n\n→\nHS\nHerr Schmidt\nBESICHTIGUNG GEPLANT\n\nBesichtigung Fr 14:00, Josefstädter Str. 71\n\nGestern, 16:30\n\n→\nFW\nFrau Weber\nNEUE ANFRAGE\n\n3-Zi, Bezirk 3, ca. €350.000\n\nHeute, 10:42\n\n→\n\nLETZTE AKTIVITÄTEN\n\nNEUE ANFRAGE\n10:42\n\nFrau Weber · 3-Zi Bezirk 3 · €350.000\n\nKI-Antwort erstellt · 3 passende Objekte gefunden\n\nAntworten\nProfil erstellen\nSIGNAL\n\nInsolvenzverfahren — Taborstraße 18, 1020 Wien\n\nDonau Immobilien GmbH · Aktenzeichen 3S 42/26 · Betrifft Penthouse Praterstern\n\nINSOLVENZ\nVERHANDLUNGSSPIELRAUM\nDetails\nBESTÄTIGT\n\nHerr Schmidt · Besichtigung Fr 14:00 · Josefstädter Str. 71\n\nGeneralsaniert in Josefstadt · €375.000\n\nINFO\n\nMarktbericht Q1 2026 — Wien Wohnungsmarkt\n\nPreisrückgang 2,3% · Altbau stabil · 3-4 Zi Nachfrage steigt'</msg>
<msg time="2026-03-28T08:46:25.221485" level="INFO">${text} = IHRE KLIENTEN

MF
Familie Müller
SUCHE AKTIV

3+ Zimmer, Bezirke 2-9, Budget €300k-€450k

Heute, 09:15

→
HS
Herr Schmidt
BESICHTIGUNG GEPLANT

Besichtigung Fr 14:00, Josefstädter Str. 71

Gestern, 16...</msg>
<var>${text}</var>
<arg>main</arg>
<tag>Assertion</tag>
<tag>Getter</tag>
<tag>PageContent</tag>
<doc>Returns text attribute of the element found by ``selector``.</doc>
<status status="PASS" start="2026-03-28T08:46:25.214785" elapsed="0.006723"/>
</kw>
<kw name="Convert To Lower Case" owner="String">
<msg time="2026-03-28T08:46:25.221871" level="INFO">${lower} = ihre klienten

mf
familie müller
suche aktiv

3+ zimmer, bezirke 2-9, budget €300k-€450k

heute, 09:15

→
hs
herr schmidt
besichtigung geplant

besichtigung fr 14:00, josefstädter str. 71

gestern, 16...</msg>
<var>${lower}</var>
<arg>${text}</arg>
<doc>Converts string to lower case.</doc>
<status status="PASS" start="2026-03-28T08:46:25.221649" elapsed="0.000243"/>
</kw>
<kw name="Convert To Lower Case" owner="String">
<msg time="2026-03-28T08:46:25.222096" level="INFO">${expected_lower} = neue anfrage</msg>
<var>${expected_lower}</var>
<arg>${expected}</arg>
<doc>Converts string to lower case.</doc>
<status status="PASS" start="2026-03-28T08:46:25.221963" elapsed="0.000150"/>
</kw>
<kw name="Should Contain" owner="BuiltIn">
<arg>${lower}</arg>
<arg>${expected_lower}</arg>
<doc>Fails if ``container`` does not contain ``item`` one or more times.</doc>
<status status="PASS" start="2026-03-28T08:46:25.222181" elapsed="0.000258"/>
</kw>
<arg>Neue Anfrage</arg>
<status status="PASS" start="2026-03-28T08:46:25.214594" elapsed="0.007900"/>
</kw>
<doc>Each client has a status label</doc>
<status status="PASS" start="2026-03-28T08:46:25.196399" elapsed="0.026180"/>
</test>
<test id="s1-t4" name="Dashboard Shows Recent Activity" line="61">
<kw name="Main Text Should Contain">
<kw name="Get Text" owner="Browser">
<msg time="2026-03-28T08:46:25.234551" level="INFO">Text: 'IHRE KLIENTEN\n\nMF\nFamilie Müller\nSUCHE AKTIV\n\n3+ Zimmer, Bezirke 2-9, Budget €300k-€450k\n\nHeute, 09:15\n\n→\nHS\nHerr Schmidt\nBESICHTIGUNG GEPLANT\n\nBesichtigung Fr 14:00, Josefstädter Str. 71\n\nGestern, 16:30\n\n→\nFW\nFrau Weber\nNEUE ANFRAGE\n\n3-Zi, Bezirk 3, ca. €350.000\n\nHeute, 10:42\n\n→\n\nLETZTE AKTIVITÄTEN\n\nNEUE ANFRAGE\n10:42\n\nFrau Weber · 3-Zi Bezirk 3 · €350.000\n\nKI-Antwort erstellt · 3 passende Objekte gefunden\n\nAntworten\nProfil erstellen\nSIGNAL\n\nInsolvenzverfahren — Taborstraße 18, 1020 Wien\n\nDonau Immobilien GmbH · Aktenzeichen 3S 42/26 · Betrifft Penthouse Praterstern\n\nINSOLVENZ\nVERHANDLUNGSSPIELRAUM\nDetails\nBESTÄTIGT\n\nHerr Schmidt · Besichtigung Fr 14:00 · Josefstädter Str. 71\n\nGeneralsaniert in Josefstadt · €375.000\n\nINFO\n\nMarktbericht Q1 2026 — Wien Wohnungsmarkt\n\nPreisrückgang 2,3% · Altbau stabil · 3-4 Zi Nachfrage steigt'</msg>
<msg time="2026-03-28T08:46:25.234680" level="INFO">${text} = IHRE KLIENTEN

MF
Familie Müller
SUCHE AKTIV

3+ Zimmer, Bezirke 2-9, Budget €300k-€450k

Heute, 09:15

→
HS
Herr Schmidt
BESICHTIGUNG GEPLANT

Besichtigung Fr 14:00, Josefstädter Str. 71

Gestern, 16...</msg>
<var>${text}</var>
<arg>main</arg>
<tag>Assertion</tag>
<tag>Getter</tag>
<tag>PageContent</tag>
<doc>Returns text attribute of the element found by ``selector``.</doc>
<status status="PASS" start="2026-03-28T08:46:25.228997" elapsed="0.005740"/>
</kw>
<kw name="Convert To Lower Case" owner="String">
<msg time="2026-03-28T08:46:25.235088" level="INFO">${lower} = ihre klienten

mf
familie müller
suche aktiv

3+ zimmer, bezirke 2-9, budget €300k-€450k

heute, 09:15

→
hs
herr schmidt
besichtigung geplant

besichtigung fr 14:00, josefstädter str. 71

gestern, 16...</msg>
<var>${lower}</var>
<arg>${text}</arg>
<doc>Converts string to lower case.</doc>
<status status="PASS" start="2026-03-28T08:46:25.234879" elapsed="0.000229"/>
</kw>
<kw name="Convert To Lower Case" owner="String">
<msg time="2026-03-28T08:46:25.235309" level="INFO">${expected_lower} = letzte aktivitäten</msg>
<var>${expected_lower}</var>
<arg>${expected}</arg>
<doc>Converts string to lower case.</doc>
<status status="PASS" start="2026-03-28T08:46:25.235178" elapsed="0.000149"/>
</kw>
<kw name="Should Contain" owner="BuiltIn">
<arg>${lower}</arg>
<arg>${expected_lower}</arg>
<doc>Fails if ``container`` does not contain ``item`` one or more times.</doc>
<status status="PASS" start="2026-03-28T08:46:25.235392" elapsed="0.000244"/>
</kw>
<arg>Letzte Aktivitäten</arg>
<status status="PASS" start="2026-03-28T08:46:25.228626" elapsed="0.007062"/>
</kw>
<kw name="Main Text Should Contain">
<kw name="Get Text" owner="Browser">
<msg time="2026-03-28T08:46:25.242082" level="INFO">Text: 'IHRE KLIENTEN\n\nMF\nFamilie Müller\nSUCHE AKTIV\n\n3+ Zimmer, Bezirke 2-9, Budget €300k-€450k\n\nHeute, 09:15\n\n→\nHS\nHerr Schmidt\nBESICHTIGUNG GEPLANT\n\nBesichtigung Fr 14:00, Josefstädter Str. 71\n\nGestern, 16:30\n\n→\nFW\nFrau Weber\nNEUE ANFRAGE\n\n3-Zi, Bezirk 3, ca. €350.000\n\nHeute, 10:42\n\n→\n\nLETZTE AKTIVITÄTEN\n\nNEUE ANFRAGE\n10:42\n\nFrau Weber · 3-Zi Bezirk 3 · €350.000\n\nKI-Antwort erstellt · 3 passende Objekte gefunden\n\nAntworten\nProfil erstellen\nSIGNAL\n\nInsolvenzverfahren — Taborstraße 18, 1020 Wien\n\nDonau Immobilien GmbH · Aktenzeichen 3S 42/26 · Betrifft Penthouse Praterstern\n\nINSOLVENZ\nVERHANDLUNGSSPIELRAUM\nDetails\nBESTÄTIGT\n\nHerr Schmidt · Besichtigung Fr 14:00 · Josefstädter Str. 71\n\nGeneralsaniert in Josefstadt · €375.000\n\nINFO\n\nMarktbericht Q1 2026 — Wien Wohnungsmarkt\n\nPreisrückgang 2,3% · Altbau stabil · 3-4 Zi Nachfrage steigt'</msg>
<msg time="2026-03-28T08:46:25.242257" level="INFO">${text} = IHRE KLIENTEN

MF
Familie Müller
SUCHE AKTIV

3+ Zimmer, Bezirke 2-9, Budget €300k-€450k

Heute, 09:15

→
HS
Herr Schmidt
BESICHTIGUNG GEPLANT

Besichtigung Fr 14:00, Josefstädter Str. 71

Gestern, 16...</msg>
<var>${text}</var>
<arg>main</arg>
<tag>Assertion</tag>
<tag>Getter</tag>
<tag>PageContent</tag>
<doc>Returns text attribute of the element found by ``selector``.</doc>
<status status="PASS" start="2026-03-28T08:46:25.235979" elapsed="0.006315"/>
</kw>
<kw name="Convert To Lower Case" owner="String">
<msg time="2026-03-28T08:46:25.242853" level="INFO">${lower} = ihre klienten

mf
familie müller
suche aktiv

3+ zimmer, bezirke 2-9, budget €300k-€450k

heute, 09:15

→
hs
herr schmidt
besichtigung geplant

besichtigung fr 14:00, josefstädter str. 71

gestern, 16...</msg>
<var>${lower}</var>
<arg>${text}</arg>
<doc>Converts string to lower case.</doc>
<status status="PASS" start="2026-03-28T08:46:25.242488" elapsed="0.000402"/>
</kw>
<kw name="Convert To Lower Case" owner="String">
<msg time="2026-03-28T08:46:25.243196" level="INFO">${expected_lower} = insolvenzverfahren</msg>
<var>${expected_lower}</var>
<arg>${expected}</arg>
<doc>Converts string to lower case.</doc>
<status status="PASS" start="2026-03-28T08:46:25.243009" elapsed="0.000207"/>
</kw>
<kw name="Should Contain" owner="BuiltIn">
<arg>${lower}</arg>
<arg>${expected_lower}</arg>
<doc>Fails if ``container`` does not contain ``item`` one or more times.</doc>
<status status="PASS" start="2026-03-28T08:46:25.243288" elapsed="0.000266"/>
</kw>
<arg>Insolvenzverfahren</arg>
<status status="PASS" start="2026-03-28T08:46:25.235793" elapsed="0.007817"/>
</kw>
<kw name="Take Evidence Screenshot">
<kw name="Take Screenshot" owner="Browser">
<msg time="2026-03-28T08:46:25.309759" level="INFO" html="true">&lt;/td&gt;&lt;/tr&gt;&lt;tr&gt;&lt;td colspan="3"&gt;&lt;a href="browser/screenshot/03-dashboard-activity.png" target="_blank"&gt;&lt;img src="browser/screenshot/03-dashboard-activity.png" width="800px"/&gt;&lt;/a&gt;</msg>
<arg>filename=${name}</arg>
<arg>fullPage=true</arg>
<tag>PageContent</tag>
<doc>Takes a screenshot of the current window or element and saves it to disk.</doc>
<status status="PASS" start="2026-03-28T08:46:25.243906" elapsed="0.065956"/>
</kw>
<arg>03-dashboard-activity</arg>
<status status="PASS" start="2026-03-28T08:46:25.243719" elapsed="0.066236"/>
</kw>
<doc>Activity feed below client list</doc>
<status status="PASS" start="2026-03-28T08:46:25.226181" elapsed="0.083868"/>
</test>
<test id="s1-t5" name="Navigate To Müller Client Detail" line="71">
<kw name="Click" owner="Browser">
<msg time="2026-03-28T08:46:25.315986" level="INFO">Clicks the element 'text=Familie Müller'.</msg>
<arg>text=Familie Müller</arg>
<tag>PageContent</tag>
<tag>Setter</tag>
<doc>Simulates mouse click on the element found by ``selector``.</doc>
<status status="PASS" start="2026-03-28T08:46:25.315597" elapsed="0.037224"/>
</kw>
<kw name="Wait For Navigation" owner="Browser">
<arg>url=${BASE_URL}/clients/muller</arg>
<arg>timeout=${TIMEOUT}</arg>
<tag>HTTP</tag>
<tag>Wait</tag>
<doc>Waits until page has navigated to given ``url``.</doc>
<status status="PASS" start="2026-03-28T08:46:25.353004" elapsed="0.034548"/>
</kw>
<kw name="Take Evidence Screenshot">
<kw name="Take Screenshot" owner="Browser">
<msg time="2026-03-28T08:46:25.550427" level="INFO" html="true">&lt;/td&gt;&lt;/tr&gt;&lt;tr&gt;&lt;td colspan="3"&gt;&lt;a href="browser/screenshot/04-client-detail.png" target="_blank"&gt;&lt;img src="browser/screenshot/04-client-detail.png" width="800px"/&gt;&lt;/a&gt;</msg>
<arg>filename=${name}</arg>
<arg>fullPage=true</arg>
<tag>PageContent</tag>
<doc>Takes a screenshot of the current window or element and saves it to disk.</doc>
<status status="PASS" start="2026-03-28T08:46:25.388131" elapsed="0.162409"/>
</kw>
<arg>04-client-detail</arg>
<status status="PASS" start="2026-03-28T08:46:25.387793" elapsed="0.162845"/>
</kw>
<doc>Click on Müller card to open client detail</doc>
<status status="PASS" start="2026-03-28T08:46:25.313515" elapsed="0.237216"/>
</test>
<test id="s1-t6" name="Client Detail Shows Call Transcript" line="77">
<kw name="Main Text Should Contain">
<kw name="Get Text" owner="Browser">
<msg time="2026-03-28T08:46:25.563904" level="INFO">Text: 'Klienten\n›\nFamilie Müller\nSUCHE AKTIV\nGesprächsprotokoll\n\nTelefonat vom 27. März 2026, 09:15\n\nAgent\n\nGuten Morgen, Frau Müller! Schön, dass wir telefonieren können. Wie geht es Ihnen und der Familie?\n\nFrau Müller\n\nDanke, gut! Die Kinder werden langsam größer, deswegen wird die jetzige Wohnung wirklich zu eng. Wir brauchen unbedingt mehr Platz.\n\nAgent\n\nVerstehe. Was genau suchen Sie?\n\nFrau Müller\n\nMindestens drei Zimmer, besser vier. Am liebsten Altbau mit hohen Decken — das hat einfach Charme. Ein Balkon wäre toll, und ganz wichtig: ein Lift! Mit zwei kleinen Kindern und dem Kinderwagen ist das ohne Aufzug wirklich mühsam.\n\nAgent\n\nAbsolut nachvollziehbar. Und welche Bezirke kommen für Sie in Frage?\n\nFrau Müller\n\nWir schauen uns den 2., 3., 7. und 8. Bezirk an. Mein Mann arbeitet am Stephansplatz, also sollte die Anbindung gut sein — maximal 15 Minuten mit den Öffis. Und eine Volksschule in der Nähe ist uns extrem wichtig, die Große kommt nächstes Jahr in die Schule.\n\nAgent\n\nUnd preislich?\n\nFrau Müller\n\nUnser Maximum liegt bei 450.000 Euro. Ideal wäre zwischen 300 und 400 Tausend. Wir haben auch etwas Eigenkapital, also ist die Finanzierung grundsätzlich kein Problem.\n\nAgent\n\nPerfekt. Ich setze die Suche auf und melde mich, sobald ich passende Objekte habe. Wird nicht lange dauern!\n\nKlientenprofil\n\nAus Gespräch extrahiert · Vom Makler bearbeitet\n\nBudgetBearbeitet ✎\n\n€300k – €450k\n\nZimmerBearbeitet ✎\n\n3+ (bevorzugt 4)\n\nBezirke\n\nLeopoldstadt, Landstraße, Neubau, Josefstadt\n\nFamilie\n\n2 Erwachsene, 2 Kinder (3 und 6 Jahre)\n\nStil\n\nAltbau\n\nEinzug\n\nSofort / Innerhalb 3 Monate\n\nFinanzierung\n\nEigenkapital vorhanden, Finanzierung gesichert\n\nPrioritäten\n1. Volksschule in der Nähe\n2. U-Bahn &lt; 15 Min zum Stephansplatz\n3. Lift\n4. Balkon\n\nMakler-Notiz: Frau Müller betonte den Lift mehrfach. Budget auf 450k angehoben nach Rücksprache mit Ehemann.\n\nSuchkriterien\n\nAbgeleitet aus Klientenprofil\n\n3+ Zimmer\nMax €450.000\nBezirke 1020, 1030, 1070, 1080\nLift ✓\nBalkon ✓\nPendel max 15 Min\nSuche starten'</msg>
<msg time="2026-03-28T08:46:25.564129" level="INFO">${text} = Klienten
›
Familie Müller
SUCHE AKTIV
Gesprächsprotokoll

Telefonat vom 27. März 2026, 09:15

Agent

Guten Morgen, Frau Müller! Schön, dass wir telefonieren können. Wie geht es Ihnen und der Familie?
...</msg>
<var>${text}</var>
<arg>main</arg>
<tag>Assertion</tag>
<tag>Getter</tag>
<tag>PageContent</tag>
<doc>Returns text attribute of the element found by ``selector``.</doc>
<status status="PASS" start="2026-03-28T08:46:25.557451" elapsed="0.006708"/>
</kw>
<kw name="Convert To Lower Case" owner="String">
<msg time="2026-03-28T08:46:25.564572" level="INFO">${lower} = klienten
›
familie müller
suche aktiv
gesprächsprotokoll

telefonat vom 27. märz 2026, 09:15

agent

guten morgen, frau müller! schön, dass wir telefonieren können. wie geht es ihnen und der familie?
...</msg>
<var>${lower}</var>
<arg>${text}</arg>
<doc>Converts string to lower case.</doc>
<status status="PASS" start="2026-03-28T08:46:25.564312" elapsed="0.000283"/>
</kw>
<kw name="Convert To Lower Case" owner="String">
<msg time="2026-03-28T08:46:25.564828" level="INFO">${expected_lower} = gesprächsprotokoll</msg>
<var>${expected_lower}</var>
<arg>${expected}</arg>
<doc>Converts string to lower case.</doc>
<status status="PASS" start="2026-03-28T08:46:25.564673" elapsed="0.000175"/>
</kw>
<kw name="Should Contain" owner="BuiltIn">
<arg>${lower}</arg>
<arg>${expected_lower}</arg>
<doc>Fails if ``container`` does not contain ``item`` one or more times.</doc>
<status status="PASS" start="2026-03-28T08:46:25.564921" elapsed="0.000273"/>
</kw>
<arg>Gesprächsprotokoll</arg>
<status status="PASS" start="2026-03-28T08:46:25.557142" elapsed="0.008112"/>
</kw>
<kw name="Main Text Should Contain">
<kw name="Get Text" owner="Browser">
<msg time="2026-03-28T08:46:25.572687" level="INFO">Text: 'Klienten\n›\nFamilie Müller\nSUCHE AKTIV\nGesprächsprotokoll\n\nTelefonat vom 27. März 2026, 09:15\n\nAgent\n\nGuten Morgen, Frau Müller! Schön, dass wir telefonieren können. Wie geht es Ihnen und der Familie?\n\nFrau Müller\n\nDanke, gut! Die Kinder werden langsam größer, deswegen wird die jetzige Wohnung wirklich zu eng. Wir brauchen unbedingt mehr Platz.\n\nAgent\n\nVerstehe. Was genau suchen Sie?\n\nFrau Müller\n\nMindestens drei Zimmer, besser vier. Am liebsten Altbau mit hohen Decken — das hat einfach Charme. Ein Balkon wäre toll, und ganz wichtig: ein Lift! Mit zwei kleinen Kindern und dem Kinderwagen ist das ohne Aufzug wirklich mühsam.\n\nAgent\n\nAbsolut nachvollziehbar. Und welche Bezirke kommen für Sie in Frage?\n\nFrau Müller\n\nWir schauen uns den 2., 3., 7. und 8. Bezirk an. Mein Mann arbeitet am Stephansplatz, also sollte die Anbindung gut sein — maximal 15 Minuten mit den Öffis. Und eine Volksschule in der Nähe ist uns extrem wichtig, die Große kommt nächstes Jahr in die Schule.\n\nAgent\n\nUnd preislich?\n\nFrau Müller\n\nUnser Maximum liegt bei 450.000 Euro. Ideal wäre zwischen 300 und 400 Tausend. Wir haben auch etwas Eigenkapital, also ist die Finanzierung grundsätzlich kein Problem.\n\nAgent\n\nPerfekt. Ich setze die Suche auf und melde mich, sobald ich passende Objekte habe. Wird nicht lange dauern!\n\nKlientenprofil\n\nAus Gespräch extrahiert · Vom Makler bearbeitet\n\nBudgetBearbeitet ✎\n\n€300k – €450k\n\nZimmerBearbeitet ✎\n\n3+ (bevorzugt 4)\n\nBezirke\n\nLeopoldstadt, Landstraße, Neubau, Josefstadt\n\nFamilie\n\n2 Erwachsene, 2 Kinder (3 und 6 Jahre)\n\nStil\n\nAltbau\n\nEinzug\n\nSofort / Innerhalb 3 Monate\n\nFinanzierung\n\nEigenkapital vorhanden, Finanzierung gesichert\n\nPrioritäten\n1. Volksschule in der Nähe\n2. U-Bahn &lt; 15 Min zum Stephansplatz\n3. Lift\n4. Balkon\n\nMakler-Notiz: Frau Müller betonte den Lift mehrfach. Budget auf 450k angehoben nach Rücksprache mit Ehemann.\n\nSuchkriterien\n\nAbgeleitet aus Klientenprofil\n\n3+ Zimmer\nMax €450.000\nBezirke 1020, 1030, 1070, 1080\nLift ✓\nBalkon ✓\nPendel max 15 Min\nSuche starten'</msg>
<msg time="2026-03-28T08:46:25.572836" level="INFO">${text} = Klienten
›
Familie Müller
SUCHE AKTIV
Gesprächsprotokoll

Telefonat vom 27. März 2026, 09:15

Agent

Guten Morgen, Frau Müller! Schön, dass wir telefonieren können. Wie geht es Ihnen und der Familie?
...</msg>
<var>${text}</var>
<arg>main</arg>
<tag>Assertion</tag>
<tag>Getter</tag>
<tag>PageContent</tag>
<doc>Returns text attribute of the element found by ``selector``.</doc>
<status status="PASS" start="2026-03-28T08:46:25.565594" elapsed="0.007265"/>
</kw>
<kw name="Convert To Lower Case" owner="String">
<msg time="2026-03-28T08:46:25.573234" level="INFO">${lower} = klienten
›
familie müller
suche aktiv
gesprächsprotokoll

telefonat vom 27. märz 2026, 09:15

agent

guten morgen, frau müller! schön, dass wir telefonieren können. wie geht es ihnen und der familie?
...</msg>
<var>${lower}</var>
<arg>${text}</arg>
<doc>Converts string to lower case.</doc>
<status status="PASS" start="2026-03-28T08:46:25.573005" elapsed="0.000250"/>
</kw>
<kw name="Convert To Lower Case" owner="String">
<msg time="2026-03-28T08:46:25.573470" level="INFO">${expected_lower} = guten morgen, frau müller</msg>
<var>${expected_lower}</var>
<arg>${expected}</arg>
<doc>Converts string to lower case.</doc>
<status status="PASS" start="2026-03-28T08:46:25.573326" elapsed="0.000163"/>
</kw>
<kw name="Should Contain" owner="BuiltIn">
<arg>${lower}</arg>
<arg>${expected_lower}</arg>
<doc>Fails if ``container`` does not contain ``item`` one or more times.</doc>
<status status="PASS" start="2026-03-28T08:46:25.573555" elapsed="0.000270"/>
</kw>
<arg>Guten Morgen, Frau Müller</arg>
<status status="PASS" start="2026-03-28T08:46:25.565384" elapsed="0.008499"/>
</kw>
<kw name="Main Text Should Contain">
<kw name="Get Text" owner="Browser">
<msg time="2026-03-28T08:46:25.580422" level="INFO">Text: 'Klienten\n›\nFamilie Müller\nSUCHE AKTIV\nGesprächsprotokoll\n\nTelefonat vom 27. März 2026, 09:15\n\nAgent\n\nGuten Morgen, Frau Müller! Schön, dass wir telefonieren können. Wie geht es Ihnen und der Familie?\n\nFrau Müller\n\nDanke, gut! Die Kinder werden langsam größer, deswegen wird die jetzige Wohnung wirklich zu eng. Wir brauchen unbedingt mehr Platz.\n\nAgent\n\nVerstehe. Was genau suchen Sie?\n\nFrau Müller\n\nMindestens drei Zimmer, besser vier. Am liebsten Altbau mit hohen Decken — das hat einfach Charme. Ein Balkon wäre toll, und ganz wichtig: ein Lift! Mit zwei kleinen Kindern und dem Kinderwagen ist das ohne Aufzug wirklich mühsam.\n\nAgent\n\nAbsolut nachvollziehbar. Und welche Bezirke kommen für Sie in Frage?\n\nFrau Müller\n\nWir schauen uns den 2., 3., 7. und 8. Bezirk an. Mein Mann arbeitet am Stephansplatz, also sollte die Anbindung gut sein — maximal 15 Minuten mit den Öffis. Und eine Volksschule in der Nähe ist uns extrem wichtig, die Große kommt nächstes Jahr in die Schule.\n\nAgent\n\nUnd preislich?\n\nFrau Müller\n\nUnser Maximum liegt bei 450.000 Euro. Ideal wäre zwischen 300 und 400 Tausend. Wir haben auch etwas Eigenkapital, also ist die Finanzierung grundsätzlich kein Problem.\n\nAgent\n\nPerfekt. Ich setze die Suche auf und melde mich, sobald ich passende Objekte habe. Wird nicht lange dauern!\n\nKlientenprofil\n\nAus Gespräch extrahiert · Vom Makler bearbeitet\n\nBudgetBearbeitet ✎\n\n€300k – €450k\n\nZimmerBearbeitet ✎\n\n3+ (bevorzugt 4)\n\nBezirke\n\nLeopoldstadt, Landstraße, Neubau, Josefstadt\n\nFamilie\n\n2 Erwachsene, 2 Kinder (3 und 6 Jahre)\n\nStil\n\nAltbau\n\nEinzug\n\nSofort / Innerhalb 3 Monate\n\nFinanzierung\n\nEigenkapital vorhanden, Finanzierung gesichert\n\nPrioritäten\n1. Volksschule in der Nähe\n2. U-Bahn &lt; 15 Min zum Stephansplatz\n3. Lift\n4. Balkon\n\nMakler-Notiz: Frau Müller betonte den Lift mehrfach. Budget auf 450k angehoben nach Rücksprache mit Ehemann.\n\nSuchkriterien\n\nAbgeleitet aus Klientenprofil\n\n3+ Zimmer\nMax €450.000\nBezirke 1020, 1030, 1070, 1080\nLift ✓\nBalkon ✓\nPendel max 15 Min\nSuche starten'</msg>
<msg time="2026-03-28T08:46:25.580633" level="INFO">${text} = Klienten
›
Familie Müller
SUCHE AKTIV
Gesprächsprotokoll

Telefonat vom 27. März 2026, 09:15

Agent

Guten Morgen, Frau Müller! Schön, dass wir telefonieren können. Wie geht es Ihnen und der Familie?
...</msg>
<var>${text}</var>
<arg>main</arg>
<tag>Assertion</tag>
<tag>Getter</tag>
<tag>PageContent</tag>
<doc>Returns text attribute of the element found by ``selector``.</doc>
<status status="PASS" start="2026-03-28T08:46:25.574209" elapsed="0.006449"/>
</kw>
<kw name="Convert To Lower Case" owner="String">
<msg time="2026-03-28T08:46:25.581074" level="INFO">${lower} = klienten
›
familie müller
suche aktiv
gesprächsprotokoll

telefonat vom 27. märz 2026, 09:15

agent

guten morgen, frau müller! schön, dass wir telefonieren können. wie geht es ihnen und der familie?
...</msg>
<var>${lower}</var>
<arg>${text}</arg>
<doc>Converts string to lower case.</doc>
<status status="PASS" start="2026-03-28T08:46:25.580810" elapsed="0.000287"/>
</kw>
<kw name="Convert To Lower Case" owner="String">
<msg time="2026-03-28T08:46:25.581327" level="INFO">${expected_lower} = mindestens drei zimmer</msg>
<var>${expected_lower}</var>
<arg>${expected}</arg>
<doc>Converts string to lower case.</doc>
<status status="PASS" start="2026-03-28T08:46:25.581174" elapsed="0.000172"/>
</kw>
<kw name="Should Contain" owner="BuiltIn">
<arg>${lower}</arg>
<arg>${expected_lower}</arg>
<doc>Fails if ``container`` does not contain ``item`` one or more times.</doc>
<status status="PASS" start="2026-03-28T08:46:25.581415" elapsed="0.000259"/>
</kw>
<arg>Mindestens drei Zimmer</arg>
<status status="PASS" start="2026-03-28T08:46:25.574000" elapsed="0.007728"/>
</kw>
<kw name="Take Evidence Screenshot">
<kw name="Take Screenshot" owner="Browser">
<msg time="2026-03-28T08:46:25.665982" level="INFO" html="true">&lt;/td&gt;&lt;/tr&gt;&lt;tr&gt;&lt;td colspan="3"&gt;&lt;a href="browser/screenshot/05-transcript.png" target="_blank"&gt;&lt;img src="browser/screenshot/05-transcript.png" width="800px"/&gt;&lt;/a&gt;</msg>
<arg>filename=${name}</arg>
<arg>fullPage=true</arg>
<tag>PageContent</tag>
<doc>Takes a screenshot of the current window or element and saves it to disk.</doc>
<status status="PASS" start="2026-03-28T08:46:25.582016" elapsed="0.084111"/>
</kw>
<arg>05-transcript</arg>
<status status="PASS" start="2026-03-28T08:46:25.581826" elapsed="0.084405"/>
</kw>
<doc>German phone call transcript visible</doc>
<status status="PASS" start="2026-03-28T08:46:25.554674" elapsed="0.111678"/>
</test>
<test id="s1-t7" name="Client Detail Shows Distilled Profile" line="84">
<kw name="Main Text Should Contain">
<kw name="Get Text" owner="Browser">
<msg time="2026-03-28T08:46:25.679563" level="INFO">Text: 'Klienten\n›\nFamilie Müller\nSUCHE AKTIV\nGesprächsprotokoll\n\nTelefonat vom 27. März 2026, 09:15\n\nAgent\n\nGuten Morgen, Frau Müller! Schön, dass wir telefonieren können. Wie geht es Ihnen und der Familie?\n\nFrau Müller\n\nDanke, gut! Die Kinder werden langsam größer, deswegen wird die jetzige Wohnung wirklich zu eng. Wir brauchen unbedingt mehr Platz.\n\nAgent\n\nVerstehe. Was genau suchen Sie?\n\nFrau Müller\n\nMindestens drei Zimmer, besser vier. Am liebsten Altbau mit hohen Decken — das hat einfach Charme. Ein Balkon wäre toll, und ganz wichtig: ein Lift! Mit zwei kleinen Kindern und dem Kinderwagen ist das ohne Aufzug wirklich mühsam.\n\nAgent\n\nAbsolut nachvollziehbar. Und welche Bezirke kommen für Sie in Frage?\n\nFrau Müller\n\nWir schauen uns den 2., 3., 7. und 8. Bezirk an. Mein Mann arbeitet am Stephansplatz, also sollte die Anbindung gut sein — maximal 15 Minuten mit den Öffis. Und eine Volksschule in der Nähe ist uns extrem wichtig, die Große kommt nächstes Jahr in die Schule.\n\nAgent\n\nUnd preislich?\n\nFrau Müller\n\nUnser Maximum liegt bei 450.000 Euro. Ideal wäre zwischen 300 und 400 Tausend. Wir haben auch etwas Eigenkapital, also ist die Finanzierung grundsätzlich kein Problem.\n\nAgent\n\nPerfekt. Ich setze die Suche auf und melde mich, sobald ich passende Objekte habe. Wird nicht lange dauern!\n\nKlientenprofil\n\nAus Gespräch extrahiert · Vom Makler bearbeitet\n\nBudgetBearbeitet ✎\n\n€300k – €450k\n\nZimmerBearbeitet ✎\n\n3+ (bevorzugt 4)\n\nBezirke\n\nLeopoldstadt, Landstraße, Neubau, Josefstadt\n\nFamilie\n\n2 Erwachsene, 2 Kinder (3 und 6 Jahre)\n\nStil\n\nAltbau\n\nEinzug\n\nSofort / Innerhalb 3 Monate\n\nFinanzierung\n\nEigenkapital vorhanden, Finanzierung gesichert\n\nPrioritäten\n1. Volksschule in der Nähe\n2. U-Bahn &lt; 15 Min zum Stephansplatz\n3. Lift\n4. Balkon\n\nMakler-Notiz: Frau Müller betonte den Lift mehrfach. Budget auf 450k angehoben nach Rücksprache mit Ehemann.\n\nSuchkriterien\n\nAbgeleitet aus Klientenprofil\n\n3+ Zimmer\nMax €450.000\nBezirke 1020, 1030, 1070, 1080\nLift ✓\nBalkon ✓\nPendel max 15 Min\nSuche starten'</msg>
<msg time="2026-03-28T08:46:25.679736" level="INFO">${text} = Klienten
›
Familie Müller
SUCHE AKTIV
Gesprächsprotokoll

Telefonat vom 27. März 2026, 09:15

Agent

Guten Morgen, Frau Müller! Schön, dass wir telefonieren können. Wie geht es Ihnen und der Familie?
...</msg>
<var>${text}</var>
<arg>main</arg>
<tag>Assertion</tag>
<tag>Getter</tag>
<tag>PageContent</tag>
<doc>Returns text attribute of the element found by ``selector``.</doc>
<status status="PASS" start="2026-03-28T08:46:25.673268" elapsed="0.006492"/>
</kw>
<kw name="Convert To Lower Case" owner="String">
<msg time="2026-03-28T08:46:25.680169" level="INFO">${lower} = klienten
›
familie müller
suche aktiv
gesprächsprotokoll

telefonat vom 27. märz 2026, 09:15

agent

guten morgen, frau müller! schön, dass wir telefonieren können. wie geht es ihnen und der familie?
...</msg>
<var>${lower}</var>
<arg>${text}</arg>
<doc>Converts string to lower case.</doc>
<status status="PASS" start="2026-03-28T08:46:25.679913" elapsed="0.000278"/>
</kw>
<kw name="Convert To Lower Case" owner="String">
<msg time="2026-03-28T08:46:25.680422" level="INFO">${expected_lower} = klientenprofil</msg>
<var>${expected_lower}</var>
<arg>${expected}</arg>
<doc>Converts string to lower case.</doc>
<status status="PASS" start="2026-03-28T08:46:25.680268" elapsed="0.000221"/>
</kw>
<kw name="Should Contain" owner="BuiltIn">
<arg>${lower}</arg>
<arg>${expected_lower}</arg>
<doc>Fails if ``container`` does not contain ``item`` one or more times.</doc>
<status status="PASS" start="2026-03-28T08:46:25.680565" elapsed="0.000289"/>
</kw>
<arg>Klientenprofil</arg>
<status status="PASS" start="2026-03-28T08:46:25.672948" elapsed="0.007963"/>
</kw>
<kw name="Main Text Should Contain">
<kw name="Get Text" owner="Browser">
<msg time="2026-03-28T08:46:25.687473" level="INFO">Text: 'Klienten\n›\nFamilie Müller\nSUCHE AKTIV\nGesprächsprotokoll\n\nTelefonat vom 27. März 2026, 09:15\n\nAgent\n\nGuten Morgen, Frau Müller! Schön, dass wir telefonieren können. Wie geht es Ihnen und der Familie?\n\nFrau Müller\n\nDanke, gut! Die Kinder werden langsam größer, deswegen wird die jetzige Wohnung wirklich zu eng. Wir brauchen unbedingt mehr Platz.\n\nAgent\n\nVerstehe. Was genau suchen Sie?\n\nFrau Müller\n\nMindestens drei Zimmer, besser vier. Am liebsten Altbau mit hohen Decken — das hat einfach Charme. Ein Balkon wäre toll, und ganz wichtig: ein Lift! Mit zwei kleinen Kindern und dem Kinderwagen ist das ohne Aufzug wirklich mühsam.\n\nAgent\n\nAbsolut nachvollziehbar. Und welche Bezirke kommen für Sie in Frage?\n\nFrau Müller\n\nWir schauen uns den 2., 3., 7. und 8. Bezirk an. Mein Mann arbeitet am Stephansplatz, also sollte die Anbindung gut sein — maximal 15 Minuten mit den Öffis. Und eine Volksschule in der Nähe ist uns extrem wichtig, die Große kommt nächstes Jahr in die Schule.\n\nAgent\n\nUnd preislich?\n\nFrau Müller\n\nUnser Maximum liegt bei 450.000 Euro. Ideal wäre zwischen 300 und 400 Tausend. Wir haben auch etwas Eigenkapital, also ist die Finanzierung grundsätzlich kein Problem.\n\nAgent\n\nPerfekt. Ich setze die Suche auf und melde mich, sobald ich passende Objekte habe. Wird nicht lange dauern!\n\nKlientenprofil\n\nAus Gespräch extrahiert · Vom Makler bearbeitet\n\nBudgetBearbeitet ✎\n\n€300k – €450k\n\nZimmerBearbeitet ✎\n\n3+ (bevorzugt 4)\n\nBezirke\n\nLeopoldstadt, Landstraße, Neubau, Josefstadt\n\nFamilie\n\n2 Erwachsene, 2 Kinder (3 und 6 Jahre)\n\nStil\n\nAltbau\n\nEinzug\n\nSofort / Innerhalb 3 Monate\n\nFinanzierung\n\nEigenkapital vorhanden, Finanzierung gesichert\n\nPrioritäten\n1. Volksschule in der Nähe\n2. U-Bahn &lt; 15 Min zum Stephansplatz\n3. Lift\n4. Balkon\n\nMakler-Notiz: Frau Müller betonte den Lift mehrfach. Budget auf 450k angehoben nach Rücksprache mit Ehemann.\n\nSuchkriterien\n\nAbgeleitet aus Klientenprofil\n\n3+ Zimmer\nMax €450.000\nBezirke 1020, 1030, 1070, 1080\nLift ✓\nBalkon ✓\nPendel max 15 Min\nSuche starten'</msg>
<msg time="2026-03-28T08:46:25.687636" level="INFO">${text} = Klienten
›
Familie Müller
SUCHE AKTIV
Gesprächsprotokoll

Telefonat vom 27. März 2026, 09:15

Agent

Guten Morgen, Frau Müller! Schön, dass wir telefonieren können. Wie geht es Ihnen und der Familie?
...</msg>
<var>${text}</var>
<arg>main</arg>
<tag>Assertion</tag>
<tag>Getter</tag>
<tag>PageContent</tag>
<doc>Returns text attribute of the element found by ``selector``.</doc>
<status status="PASS" start="2026-03-28T08:46:25.681346" elapsed="0.006314"/>
</kw>
<kw name="Convert To Lower Case" owner="String">
<msg time="2026-03-28T08:46:25.688069" level="INFO">${lower} = klienten
›
familie müller
suche aktiv
gesprächsprotokoll

telefonat vom 27. märz 2026, 09:15

agent

guten morgen, frau müller! schön, dass wir telefonieren können. wie geht es ihnen und der familie?
...</msg>
<var>${lower}</var>
<arg>${text}</arg>
<doc>Converts string to lower case.</doc>
<status status="PASS" start="2026-03-28T08:46:25.687816" elapsed="0.000276"/>
</kw>
<kw name="Convert To Lower Case" owner="String">
<msg time="2026-03-28T08:46:25.688311" level="INFO">${expected_lower} = leopoldstadt</msg>
<var>${expected_lower}</var>
<arg>${expected}</arg>
<doc>Converts string to lower case.</doc>
<status status="PASS" start="2026-03-28T08:46:25.688169" elapsed="0.000161"/>
</kw>
<kw name="Should Contain" owner="BuiltIn">
<arg>${lower}</arg>
<arg>${expected_lower}</arg>
<doc>Fails if ``container`` does not contain ``item`` one or more times.</doc>
<status status="PASS" start="2026-03-28T08:46:25.688401" elapsed="0.000278"/>
</kw>
<arg>Leopoldstadt</arg>
<status status="PASS" start="2026-03-28T08:46:25.681121" elapsed="0.007612"/>
</kw>
<kw name="Main Text Should Contain">
<kw name="Get Text" owner="Browser">
<msg time="2026-03-28T08:46:25.695678" level="INFO">Text: 'Klienten\n›\nFamilie Müller\nSUCHE AKTIV\nGesprächsprotokoll\n\nTelefonat vom 27. März 2026, 09:15\n\nAgent\n\nGuten Morgen, Frau Müller! Schön, dass wir telefonieren können. Wie geht es Ihnen und der Familie?\n\nFrau Müller\n\nDanke, gut! Die Kinder werden langsam größer, deswegen wird die jetzige Wohnung wirklich zu eng. Wir brauchen unbedingt mehr Platz.\n\nAgent\n\nVerstehe. Was genau suchen Sie?\n\nFrau Müller\n\nMindestens drei Zimmer, besser vier. Am liebsten Altbau mit hohen Decken — das hat einfach Charme. Ein Balkon wäre toll, und ganz wichtig: ein Lift! Mit zwei kleinen Kindern und dem Kinderwagen ist das ohne Aufzug wirklich mühsam.\n\nAgent\n\nAbsolut nachvollziehbar. Und welche Bezirke kommen für Sie in Frage?\n\nFrau Müller\n\nWir schauen uns den 2., 3., 7. und 8. Bezirk an. Mein Mann arbeitet am Stephansplatz, also sollte die Anbindung gut sein — maximal 15 Minuten mit den Öffis. Und eine Volksschule in der Nähe ist uns extrem wichtig, die Große kommt nächstes Jahr in die Schule.\n\nAgent\n\nUnd preislich?\n\nFrau Müller\n\nUnser Maximum liegt bei 450.000 Euro. Ideal wäre zwischen 300 und 400 Tausend. Wir haben auch etwas Eigenkapital, also ist die Finanzierung grundsätzlich kein Problem.\n\nAgent\n\nPerfekt. Ich setze die Suche auf und melde mich, sobald ich passende Objekte habe. Wird nicht lange dauern!\n\nKlientenprofil\n\nAus Gespräch extrahiert · Vom Makler bearbeitet\n\nBudgetBearbeitet ✎\n\n€300k – €450k\n\nZimmerBearbeitet ✎\n\n3+ (bevorzugt 4)\n\nBezirke\n\nLeopoldstadt, Landstraße, Neubau, Josefstadt\n\nFamilie\n\n2 Erwachsene, 2 Kinder (3 und 6 Jahre)\n\nStil\n\nAltbau\n\nEinzug\n\nSofort / Innerhalb 3 Monate\n\nFinanzierung\n\nEigenkapital vorhanden, Finanzierung gesichert\n\nPrioritäten\n1. Volksschule in der Nähe\n2. U-Bahn &lt; 15 Min zum Stephansplatz\n3. Lift\n4. Balkon\n\nMakler-Notiz: Frau Müller betonte den Lift mehrfach. Budget auf 450k angehoben nach Rücksprache mit Ehemann.\n\nSuchkriterien\n\nAbgeleitet aus Klientenprofil\n\n3+ Zimmer\nMax €450.000\nBezirke 1020, 1030, 1070, 1080\nLift ✓\nBalkon ✓\nPendel max 15 Min\nSuche starten'</msg>
<msg time="2026-03-28T08:46:25.695836" level="INFO">${text} = Klienten
›
Familie Müller
SUCHE AKTIV
Gesprächsprotokoll

Telefonat vom 27. März 2026, 09:15

Agent

Guten Morgen, Frau Müller! Schön, dass wir telefonieren können. Wie geht es Ihnen und der Familie?
...</msg>
<var>${text}</var>
<arg>main</arg>
<tag>Assertion</tag>
<tag>Getter</tag>
<tag>PageContent</tag>
<doc>Returns text attribute of the element found by ``selector``.</doc>
<status status="PASS" start="2026-03-28T08:46:25.689044" elapsed="0.006817"/>
</kw>
<kw name="Convert To Lower Case" owner="String">
<msg time="2026-03-28T08:46:25.696258" level="INFO">${lower} = klienten
›
familie müller
suche aktiv
gesprächsprotokoll

telefonat vom 27. märz 2026, 09:15

agent

guten morgen, frau müller! schön, dass wir telefonieren können. wie geht es ihnen und der familie?
...</msg>
<var>${lower}</var>
<arg>${text}</arg>
<doc>Converts string to lower case.</doc>
<status status="PASS" start="2026-03-28T08:46:25.696017" elapsed="0.000264"/>
</kw>
<kw name="Convert To Lower Case" owner="String">
<msg time="2026-03-28T08:46:25.696499" level="INFO">${expected_lower} = josefstadt</msg>
<var>${expected_lower}</var>
<arg>${expected}</arg>
<doc>Converts string to lower case.</doc>
<status status="PASS" start="2026-03-28T08:46:25.696358" elapsed="0.000160"/>
</kw>
<kw name="Should Contain" owner="BuiltIn">
<arg>${lower}</arg>
<arg>${expected_lower}</arg>
<doc>Fails if ``container`` does not contain ``item`` one or more times.</doc>
<status status="PASS" start="2026-03-28T08:46:25.696652" elapsed="0.000277"/>
</kw>
<arg>Josefstadt</arg>
<status status="PASS" start="2026-03-28T08:46:25.688846" elapsed="0.008145"/>
</kw>
<kw name="Main Text Should Contain">
<kw name="Get Text" owner="Browser">
<msg time="2026-03-28T08:46:25.706898" level="INFO">Text: 'Klienten\n›\nFamilie Müller\nSUCHE AKTIV\nGesprächsprotokoll\n\nTelefonat vom 27. März 2026, 09:15\n\nAgent\n\nGuten Morgen, Frau Müller! Schön, dass wir telefonieren können. Wie geht es Ihnen und der Familie?\n\nFrau Müller\n\nDanke, gut! Die Kinder werden langsam größer, deswegen wird die jetzige Wohnung wirklich zu eng. Wir brauchen unbedingt mehr Platz.\n\nAgent\n\nVerstehe. Was genau suchen Sie?\n\nFrau Müller\n\nMindestens drei Zimmer, besser vier. Am liebsten Altbau mit hohen Decken — das hat einfach Charme. Ein Balkon wäre toll, und ganz wichtig: ein Lift! Mit zwei kleinen Kindern und dem Kinderwagen ist das ohne Aufzug wirklich mühsam.\n\nAgent\n\nAbsolut nachvollziehbar. Und welche Bezirke kommen für Sie in Frage?\n\nFrau Müller\n\nWir schauen uns den 2., 3., 7. und 8. Bezirk an. Mein Mann arbeitet am Stephansplatz, also sollte die Anbindung gut sein — maximal 15 Minuten mit den Öffis. Und eine Volksschule in der Nähe ist uns extrem wichtig, die Große kommt nächstes Jahr in die Schule.\n\nAgent\n\nUnd preislich?\n\nFrau Müller\n\nUnser Maximum liegt bei 450.000 Euro. Ideal wäre zwischen 300 und 400 Tausend. Wir haben auch etwas Eigenkapital, also ist die Finanzierung grundsätzlich kein Problem.\n\nAgent\n\nPerfekt. Ich setze die Suche auf und melde mich, sobald ich passende Objekte habe. Wird nicht lange dauern!\n\nKlientenprofil\n\nAus Gespräch extrahiert · Vom Makler bearbeitet\n\nBudgetBearbeitet ✎\n\n€300k – €450k\n\nZimmerBearbeitet ✎\n\n3+ (bevorzugt 4)\n\nBezirke\n\nLeopoldstadt, Landstraße, Neubau, Josefstadt\n\nFamilie\n\n2 Erwachsene, 2 Kinder (3 und 6 Jahre)\n\nStil\n\nAltbau\n\nEinzug\n\nSofort / Innerhalb 3 Monate\n\nFinanzierung\n\nEigenkapital vorhanden, Finanzierung gesichert\n\nPrioritäten\n1. Volksschule in der Nähe\n2. U-Bahn &lt; 15 Min zum Stephansplatz\n3. Lift\n4. Balkon\n\nMakler-Notiz: Frau Müller betonte den Lift mehrfach. Budget auf 450k angehoben nach Rücksprache mit Ehemann.\n\nSuchkriterien\n\nAbgeleitet aus Klientenprofil\n\n3+ Zimmer\nMax €450.000\nBezirke 1020, 1030, 1070, 1080\nLift ✓\nBalkon ✓\nPendel max 15 Min\nSuche starten'</msg>
<msg time="2026-03-28T08:46:25.707094" level="INFO">${text} = Klienten
›
Familie Müller
SUCHE AKTIV
Gesprächsprotokoll

Telefonat vom 27. März 2026, 09:15

Agent

Guten Morgen, Frau Müller! Schön, dass wir telefonieren können. Wie geht es Ihnen und der Familie?
...</msg>
<var>${text}</var>
<arg>main</arg>
<tag>Assertion</tag>
<tag>Getter</tag>
<tag>PageContent</tag>
<doc>Returns text attribute of the element found by ``selector``.</doc>
<status status="PASS" start="2026-03-28T08:46:25.697310" elapsed="0.009810"/>
</kw>
<kw name="Convert To Lower Case" owner="String">
<msg time="2026-03-28T08:46:25.707532" level="INFO">${lower} = klienten
›
familie müller
suche aktiv
gesprächsprotokoll

telefonat vom 27. märz 2026, 09:15

agent

guten morgen, frau müller! schön, dass wir telefonieren können. wie geht es ihnen und der familie?
...</msg>
<var>${lower}</var>
<arg>${text}</arg>
<doc>Converts string to lower case.</doc>
<status status="PASS" start="2026-03-28T08:46:25.707268" elapsed="0.000287"/>
</kw>
<kw name="Convert To Lower Case" owner="String">
<msg time="2026-03-28T08:46:25.707777" level="INFO">${expected_lower} = 2 erwachsene, 2 kinder</msg>
<var>${expected_lower}</var>
<arg>${expected}</arg>
<doc>Converts string to lower case.</doc>
<status status="PASS" start="2026-03-28T08:46:25.707633" elapsed="0.000163"/>
</kw>
<kw name="Should Contain" owner="BuiltIn">
<arg>${lower}</arg>
<arg>${expected_lower}</arg>
<doc>Fails if ``container`` does not contain ``item`` one or more times.</doc>
<status status="PASS" start="2026-03-28T08:46:25.707867" elapsed="0.000272"/>
</kw>
<arg>2 Erwachsene, 2 Kinder</arg>
<status status="PASS" start="2026-03-28T08:46:25.697114" elapsed="0.011087"/>
</kw>
<doc>AI-extracted client profile with key fields</doc>
<status status="PASS" start="2026-03-28T08:46:25.670662" elapsed="0.037630"/>
</test>
<test id="s1-t8" name="Client Detail Shows Agent Edits" line="91">
<kw name="Main Text Should Contain">
<kw name="Get Text" owner="Browser">
<msg time="2026-03-28T08:46:25.722179" level="INFO">Text: 'Klienten\n›\nFamilie Müller\nSUCHE AKTIV\nGesprächsprotokoll\n\nTelefonat vom 27. März 2026, 09:15\n\nAgent\n\nGuten Morgen, Frau Müller! Schön, dass wir telefonieren können. Wie geht es Ihnen und der Familie?\n\nFrau Müller\n\nDanke, gut! Die Kinder werden langsam größer, deswegen wird die jetzige Wohnung wirklich zu eng. Wir brauchen unbedingt mehr Platz.\n\nAgent\n\nVerstehe. Was genau suchen Sie?\n\nFrau Müller\n\nMindestens drei Zimmer, besser vier. Am liebsten Altbau mit hohen Decken — das hat einfach Charme. Ein Balkon wäre toll, und ganz wichtig: ein Lift! Mit zwei kleinen Kindern und dem Kinderwagen ist das ohne Aufzug wirklich mühsam.\n\nAgent\n\nAbsolut nachvollziehbar. Und welche Bezirke kommen für Sie in Frage?\n\nFrau Müller\n\nWir schauen uns den 2., 3., 7. und 8. Bezirk an. Mein Mann arbeitet am Stephansplatz, also sollte die Anbindung gut sein — maximal 15 Minuten mit den Öffis. Und eine Volksschule in der Nähe ist uns extrem wichtig, die Große kommt nächstes Jahr in die Schule.\n\nAgent\n\nUnd preislich?\n\nFrau Müller\n\nUnser Maximum liegt bei 450.000 Euro. Ideal wäre zwischen 300 und 400 Tausend. Wir haben auch etwas Eigenkapital, also ist die Finanzierung grundsätzlich kein Problem.\n\nAgent\n\nPerfekt. Ich setze die Suche auf und melde mich, sobald ich passende Objekte habe. Wird nicht lange dauern!\n\nKlientenprofil\n\nAus Gespräch extrahiert · Vom Makler bearbeitet\n\nBudgetBearbeitet ✎\n\n€300k – €450k\n\nZimmerBearbeitet ✎\n\n3+ (bevorzugt 4)\n\nBezirke\n\nLeopoldstadt, Landstraße, Neubau, Josefstadt\n\nFamilie\n\n2 Erwachsene, 2 Kinder (3 und 6 Jahre)\n\nStil\n\nAltbau\n\nEinzug\n\nSofort / Innerhalb 3 Monate\n\nFinanzierung\n\nEigenkapital vorhanden, Finanzierung gesichert\n\nPrioritäten\n1. Volksschule in der Nähe\n2. U-Bahn &lt; 15 Min zum Stephansplatz\n3. Lift\n4. Balkon\n\nMakler-Notiz: Frau Müller betonte den Lift mehrfach. Budget auf 450k angehoben nach Rücksprache mit Ehemann.\n\nSuchkriterien\n\nAbgeleitet aus Klientenprofil\n\n3+ Zimmer\nMax €450.000\nBezirke 1020, 1030, 1070, 1080\nLift ✓\nBalkon ✓\nPendel max 15 Min\nSuche starten'</msg>
<msg time="2026-03-28T08:46:25.722373" level="INFO">${text} = Klienten
›
Familie Müller
SUCHE AKTIV
Gesprächsprotokoll

Telefonat vom 27. März 2026, 09:15

Agent

Guten Morgen, Frau Müller! Schön, dass wir telefonieren können. Wie geht es Ihnen und der Familie?
...</msg>
<var>${text}</var>
<arg>main</arg>
<tag>Assertion</tag>
<tag>Getter</tag>
<tag>PageContent</tag>
<doc>Returns text attribute of the element found by ``selector``.</doc>
<status status="PASS" start="2026-03-28T08:46:25.715325" elapsed="0.007074"/>
</kw>
<kw name="Convert To Lower Case" owner="String">
<msg time="2026-03-28T08:46:25.722962" level="INFO">${lower} = klienten
›
familie müller
suche aktiv
gesprächsprotokoll

telefonat vom 27. märz 2026, 09:15

agent

guten morgen, frau müller! schön, dass wir telefonieren können. wie geht es ihnen und der familie?
...</msg>
<var>${lower}</var>
<arg>${text}</arg>
<doc>Converts string to lower case.</doc>
<status status="PASS" start="2026-03-28T08:46:25.722586" elapsed="0.000435"/>
</kw>
<kw name="Convert To Lower Case" owner="String">
<msg time="2026-03-28T08:46:25.723377" level="INFO">${expected_lower} = bearbeitet</msg>
<var>${expected_lower}</var>
<arg>${expected}</arg>
<doc>Converts string to lower case.</doc>
<status status="PASS" start="2026-03-28T08:46:25.723151" elapsed="0.000247"/>
</kw>
<kw name="Should Contain" owner="BuiltIn">
<arg>${lower}</arg>
<arg>${expected_lower}</arg>
<doc>Fails if ``container`` does not contain ``item`` one or more times.</doc>
<status status="PASS" start="2026-03-28T08:46:25.723520" elapsed="0.000293"/>
</kw>
<arg>Bearbeitet</arg>
<status status="PASS" start="2026-03-28T08:46:25.714705" elapsed="0.009171"/>
</kw>
<doc>Edited fields marked with indicator</doc>
<status status="PASS" start="2026-03-28T08:46:25.711946" elapsed="0.012020"/>
</test>
<test id="s1-t9" name="Client Detail Shows Priorities" line="95">
<kw name="Main Text Should Contain">
<kw name="Get Text" owner="Browser">
<msg time="2026-03-28T08:46:25.735888" level="INFO">Text: 'Klienten\n›\nFamilie Müller\nSUCHE AKTIV\nGesprächsprotokoll\n\nTelefonat vom 27. März 2026, 09:15\n\nAgent\n\nGuten Morgen, Frau Müller! Schön, dass wir telefonieren können. Wie geht es Ihnen und der Familie?\n\nFrau Müller\n\nDanke, gut! Die Kinder werden langsam größer, deswegen wird die jetzige Wohnung wirklich zu eng. Wir brauchen unbedingt mehr Platz.\n\nAgent\n\nVerstehe. Was genau suchen Sie?\n\nFrau Müller\n\nMindestens drei Zimmer, besser vier. Am liebsten Altbau mit hohen Decken — das hat einfach Charme. Ein Balkon wäre toll, und ganz wichtig: ein Lift! Mit zwei kleinen Kindern und dem Kinderwagen ist das ohne Aufzug wirklich mühsam.\n\nAgent\n\nAbsolut nachvollziehbar. Und welche Bezirke kommen für Sie in Frage?\n\nFrau Müller\n\nWir schauen uns den 2., 3., 7. und 8. Bezirk an. Mein Mann arbeitet am Stephansplatz, also sollte die Anbindung gut sein — maximal 15 Minuten mit den Öffis. Und eine Volksschule in der Nähe ist uns extrem wichtig, die Große kommt nächstes Jahr in die Schule.\n\nAgent\n\nUnd preislich?\n\nFrau Müller\n\nUnser Maximum liegt bei 450.000 Euro. Ideal wäre zwischen 300 und 400 Tausend. Wir haben auch etwas Eigenkapital, also ist die Finanzierung grundsätzlich kein Problem.\n\nAgent\n\nPerfekt. Ich setze die Suche auf und melde mich, sobald ich passende Objekte habe. Wird nicht lange dauern!\n\nKlientenprofil\n\nAus Gespräch extrahiert · Vom Makler bearbeitet\n\nBudgetBearbeitet ✎\n\n€300k – €450k\n\nZimmerBearbeitet ✎\n\n3+ (bevorzugt 4)\n\nBezirke\n\nLeopoldstadt, Landstraße, Neubau, Josefstadt\n\nFamilie\n\n2 Erwachsene, 2 Kinder (3 und 6 Jahre)\n\nStil\n\nAltbau\n\nEinzug\n\nSofort / Innerhalb 3 Monate\n\nFinanzierung\n\nEigenkapital vorhanden, Finanzierung gesichert\n\nPrioritäten\n1. Volksschule in der Nähe\n2. U-Bahn &lt; 15 Min zum Stephansplatz\n3. Lift\n4. Balkon\n\nMakler-Notiz: Frau Müller betonte den Lift mehrfach. Budget auf 450k angehoben nach Rücksprache mit Ehemann.\n\nSuchkriterien\n\nAbgeleitet aus Klientenprofil\n\n3+ Zimmer\nMax €450.000\nBezirke 1020, 1030, 1070, 1080\nLift ✓\nBalkon ✓\nPendel max 15 Min\nSuche starten'</msg>
<msg time="2026-03-28T08:46:25.736047" level="INFO">${text} = Klienten
›
Familie Müller
SUCHE AKTIV
Gesprächsprotokoll

Telefonat vom 27. März 2026, 09:15

Agent

Guten Morgen, Frau Müller! Schön, dass wir telefonieren können. Wie geht es Ihnen und der Familie?
...</msg>
<var>${text}</var>
<arg>main</arg>
<tag>Assertion</tag>
<tag>Getter</tag>
<tag>PageContent</tag>
<doc>Returns text attribute of the element found by ``selector``.</doc>
<status status="PASS" start="2026-03-28T08:46:25.729935" elapsed="0.006142"/>
</kw>
<kw name="Convert To Lower Case" owner="String">
<msg time="2026-03-28T08:46:25.736574" level="INFO">${lower} = klienten
›
familie müller
suche aktiv
gesprächsprotokoll

telefonat vom 27. märz 2026, 09:15

agent

guten morgen, frau müller! schön, dass wir telefonieren können. wie geht es ihnen und der familie?
...</msg>
<var>${lower}</var>
<arg>${text}</arg>
<doc>Converts string to lower case.</doc>
<status status="PASS" start="2026-03-28T08:46:25.736239" elapsed="0.000374"/>
</kw>
<kw name="Convert To Lower Case" owner="String">
<msg time="2026-03-28T08:46:25.736930" level="INFO">${expected_lower} = volksschule</msg>
<var>${expected_lower}</var>
<arg>${expected}</arg>
<doc>Converts string to lower case.</doc>
<status status="PASS" start="2026-03-28T08:46:25.736738" elapsed="0.000212"/>
</kw>
<kw name="Should Contain" owner="BuiltIn">
<arg>${lower}</arg>
<arg>${expected_lower}</arg>
<doc>Fails if ``container`` does not contain ``item`` one or more times.</doc>
<status status="PASS" start="2026-03-28T08:46:25.737025" elapsed="0.000261"/>
</kw>
<arg>Volksschule</arg>
<status status="PASS" start="2026-03-28T08:46:25.729611" elapsed="0.007734"/>
</kw>
<kw name="Main Text Should Contain">
<kw name="Get Text" owner="Browser">
<msg time="2026-03-28T08:46:25.744347" level="INFO">Text: 'Klienten\n›\nFamilie Müller\nSUCHE AKTIV\nGesprächsprotokoll\n\nTelefonat vom 27. März 2026, 09:15\n\nAgent\n\nGuten Morgen, Frau Müller! Schön, dass wir telefonieren können. Wie geht es Ihnen und der Familie?\n\nFrau Müller\n\nDanke, gut! Die Kinder werden langsam größer, deswegen wird die jetzige Wohnung wirklich zu eng. Wir brauchen unbedingt mehr Platz.\n\nAgent\n\nVerstehe. Was genau suchen Sie?\n\nFrau Müller\n\nMindestens drei Zimmer, besser vier. Am liebsten Altbau mit hohen Decken — das hat einfach Charme. Ein Balkon wäre toll, und ganz wichtig: ein Lift! Mit zwei kleinen Kindern und dem Kinderwagen ist das ohne Aufzug wirklich mühsam.\n\nAgent\n\nAbsolut nachvollziehbar. Und welche Bezirke kommen für Sie in Frage?\n\nFrau Müller\n\nWir schauen uns den 2., 3., 7. und 8. Bezirk an. Mein Mann arbeitet am Stephansplatz, also sollte die Anbindung gut sein — maximal 15 Minuten mit den Öffis. Und eine Volksschule in der Nähe ist uns extrem wichtig, die Große kommt nächstes Jahr in die Schule.\n\nAgent\n\nUnd preislich?\n\nFrau Müller\n\nUnser Maximum liegt bei 450.000 Euro. Ideal wäre zwischen 300 und 400 Tausend. Wir haben auch etwas Eigenkapital, also ist die Finanzierung grundsätzlich kein Problem.\n\nAgent\n\nPerfekt. Ich setze die Suche auf und melde mich, sobald ich passende Objekte habe. Wird nicht lange dauern!\n\nKlientenprofil\n\nAus Gespräch extrahiert · Vom Makler bearbeitet\n\nBudgetBearbeitet ✎\n\n€300k – €450k\n\nZimmerBearbeitet ✎\n\n3+ (bevorzugt 4)\n\nBezirke\n\nLeopoldstadt, Landstraße, Neubau, Josefstadt\n\nFamilie\n\n2 Erwachsene, 2 Kinder (3 und 6 Jahre)\n\nStil\n\nAltbau\n\nEinzug\n\nSofort / Innerhalb 3 Monate\n\nFinanzierung\n\nEigenkapital vorhanden, Finanzierung gesichert\n\nPrioritäten\n1. Volksschule in der Nähe\n2. U-Bahn &lt; 15 Min zum Stephansplatz\n3. Lift\n4. Balkon\n\nMakler-Notiz: Frau Müller betonte den Lift mehrfach. Budget auf 450k angehoben nach Rücksprache mit Ehemann.\n\nSuchkriterien\n\nAbgeleitet aus Klientenprofil\n\n3+ Zimmer\nMax €450.000\nBezirke 1020, 1030, 1070, 1080\nLift ✓\nBalkon ✓\nPendel max 15 Min\nSuche starten'</msg>
<msg time="2026-03-28T08:46:25.744517" level="INFO">${text} = Klienten
›
Familie Müller
SUCHE AKTIV
Gesprächsprotokoll

Telefonat vom 27. März 2026, 09:15

Agent

Guten Morgen, Frau Müller! Schön, dass wir telefonieren können. Wie geht es Ihnen und der Familie?
...</msg>
<var>${text}</var>
<arg>main</arg>
<tag>Assertion</tag>
<tag>Getter</tag>
<tag>PageContent</tag>
<doc>Returns text attribute of the element found by ``selector``.</doc>
<status status="PASS" start="2026-03-28T08:46:25.737642" elapsed="0.006918"/>
</kw>
<kw name="Convert To Lower Case" owner="String">
<msg time="2026-03-28T08:46:25.745085" level="INFO">${lower} = klienten
›
familie müller
suche aktiv
gesprächsprotokoll

telefonat vom 27. märz 2026, 09:15

agent

guten morgen, frau müller! schön, dass wir telefonieren können. wie geht es ihnen und der familie?
...</msg>
<var>${lower}</var>
<arg>${text}</arg>
<doc>Converts string to lower case.</doc>
<status status="PASS" start="2026-03-28T08:46:25.744799" elapsed="0.000315"/>
</kw>
<kw name="Convert To Lower Case" owner="String">
<msg time="2026-03-28T08:46:25.745843" level="INFO">${expected_lower} = u-bahn</msg>
<var>${expected_lower}</var>
<arg>${expected}</arg>
<doc>Converts string to lower case.</doc>
<status status="PASS" start="2026-03-28T08:46:25.745249" elapsed="0.000673"/>
</kw>
<kw name="Should Contain" owner="BuiltIn">
<arg>${lower}</arg>
<arg>${expected_lower}</arg>
<doc>Fails if ``container`` does not contain ``item`` one or more times.</doc>
<status status="PASS" start="2026-03-28T08:46:25.746031" elapsed="0.000468"/>
</kw>
<arg>U-Bahn</arg>
<status status="PASS" start="2026-03-28T08:46:25.737458" elapsed="0.009148"/>
</kw>
<doc>Ranked priority list from client conversation</doc>
<status status="PASS" start="2026-03-28T08:46:25.727297" elapsed="0.019520"/>
</test>
<test id="s1-t10" name="Client Detail Shows Search Criteria" line="100">
<kw name="Main Text Should Contain">
<kw name="Get Text" owner="Browser">
<msg time="2026-03-28T08:46:25.760920" level="INFO">Text: 'Klienten\n›\nFamilie Müller\nSUCHE AKTIV\nGesprächsprotokoll\n\nTelefonat vom 27. März 2026, 09:15\n\nAgent\n\nGuten Morgen, Frau Müller! Schön, dass wir telefonieren können. Wie geht es Ihnen und der Familie?\n\nFrau Müller\n\nDanke, gut! Die Kinder werden langsam größer, deswegen wird die jetzige Wohnung wirklich zu eng. Wir brauchen unbedingt mehr Platz.\n\nAgent\n\nVerstehe. Was genau suchen Sie?\n\nFrau Müller\n\nMindestens drei Zimmer, besser vier. Am liebsten Altbau mit hohen Decken — das hat einfach Charme. Ein Balkon wäre toll, und ganz wichtig: ein Lift! Mit zwei kleinen Kindern und dem Kinderwagen ist das ohne Aufzug wirklich mühsam.\n\nAgent\n\nAbsolut nachvollziehbar. Und welche Bezirke kommen für Sie in Frage?\n\nFrau Müller\n\nWir schauen uns den 2., 3., 7. und 8. Bezirk an. Mein Mann arbeitet am Stephansplatz, also sollte die Anbindung gut sein — maximal 15 Minuten mit den Öffis. Und eine Volksschule in der Nähe ist uns extrem wichtig, die Große kommt nächstes Jahr in die Schule.\n\nAgent\n\nUnd preislich?\n\nFrau Müller\n\nUnser Maximum liegt bei 450.000 Euro. Ideal wäre zwischen 300 und 400 Tausend. Wir haben auch etwas Eigenkapital, also ist die Finanzierung grundsätzlich kein Problem.\n\nAgent\n\nPerfekt. Ich setze die Suche auf und melde mich, sobald ich passende Objekte habe. Wird nicht lange dauern!\n\nKlientenprofil\n\nAus Gespräch extrahiert · Vom Makler bearbeitet\n\nBudgetBearbeitet ✎\n\n€300k – €450k\n\nZimmerBearbeitet ✎\n\n3+ (bevorzugt 4)\n\nBezirke\n\nLeopoldstadt, Landstraße, Neubau, Josefstadt\n\nFamilie\n\n2 Erwachsene, 2 Kinder (3 und 6 Jahre)\n\nStil\n\nAltbau\n\nEinzug\n\nSofort / Innerhalb 3 Monate\n\nFinanzierung\n\nEigenkapital vorhanden, Finanzierung gesichert\n\nPrioritäten\n1. Volksschule in der Nähe\n2. U-Bahn &lt; 15 Min zum Stephansplatz\n3. Lift\n4. Balkon\n\nMakler-Notiz: Frau Müller betonte den Lift mehrfach. Budget auf 450k angehoben nach Rücksprache mit Ehemann.\n\nSuchkriterien\n\nAbgeleitet aus Klientenprofil\n\n3+ Zimmer\nMax €450.000\nBezirke 1020, 1030, 1070, 1080\nLift ✓\nBalkon ✓\nPendel max 15 Min\nSuche starten'</msg>
<msg time="2026-03-28T08:46:25.761128" level="INFO">${text} = Klienten
›
Familie Müller
SUCHE AKTIV
Gesprächsprotokoll

Telefonat vom 27. März 2026, 09:15

Agent

Guten Morgen, Frau Müller! Schön, dass wir telefonieren können. Wie geht es Ihnen und der Familie?
...</msg>
<var>${text}</var>
<arg>main</arg>
<tag>Assertion</tag>
<tag>Getter</tag>
<tag>PageContent</tag>
<doc>Returns text attribute of the element found by ``selector``.</doc>
<status status="PASS" start="2026-03-28T08:46:25.753344" elapsed="0.007813"/>
</kw>
<kw name="Convert To Lower Case" owner="String">
<msg time="2026-03-28T08:46:25.761789" level="INFO">${lower} = klienten
›
familie müller
suche aktiv
gesprächsprotokoll

telefonat vom 27. märz 2026, 09:15

agent

guten morgen, frau müller! schön, dass wir telefonieren können. wie geht es ihnen und der familie?
...</msg>
<var>${lower}</var>
<arg>${text}</arg>
<doc>Converts string to lower case.</doc>
<status status="PASS" start="2026-03-28T08:46:25.761367" elapsed="0.000448"/>
</kw>
<kw name="Convert To Lower Case" owner="String">
<msg time="2026-03-28T08:46:25.762585" level="INFO">${expected_lower} = suchkriterien</msg>
<var>${expected_lower}</var>
<arg>${expected}</arg>
<doc>Converts string to lower case.</doc>
<status status="PASS" start="2026-03-28T08:46:25.761973" elapsed="0.000640"/>
</kw>
<kw name="Should Contain" owner="BuiltIn">
<arg>${lower}</arg>
<arg>${expected_lower}</arg>
<doc>Fails if ``container`` does not contain ``item`` one or more times.</doc>
<status status="PASS" start="2026-03-28T08:46:25.762717" elapsed="0.000426"/>
</kw>
<arg>Suchkriterien</arg>
<status status="PASS" start="2026-03-28T08:46:25.752912" elapsed="0.010408"/>
</kw>
<kw name="Main Text Should Contain">
<kw name="Get Text" owner="Browser">
<msg time="2026-03-28T08:46:25.770710" level="INFO">Text: 'Klienten\n›\nFamilie Müller\nSUCHE AKTIV\nGesprächsprotokoll\n\nTelefonat vom 27. März 2026, 09:15\n\nAgent\n\nGuten Morgen, Frau Müller! Schön, dass wir telefonieren können. Wie geht es Ihnen und der Familie?\n\nFrau Müller\n\nDanke, gut! Die Kinder werden langsam größer, deswegen wird die jetzige Wohnung wirklich zu eng. Wir brauchen unbedingt mehr Platz.\n\nAgent\n\nVerstehe. Was genau suchen Sie?\n\nFrau Müller\n\nMindestens drei Zimmer, besser vier. Am liebsten Altbau mit hohen Decken — das hat einfach Charme. Ein Balkon wäre toll, und ganz wichtig: ein Lift! Mit zwei kleinen Kindern und dem Kinderwagen ist das ohne Aufzug wirklich mühsam.\n\nAgent\n\nAbsolut nachvollziehbar. Und welche Bezirke kommen für Sie in Frage?\n\nFrau Müller\n\nWir schauen uns den 2., 3., 7. und 8. Bezirk an. Mein Mann arbeitet am Stephansplatz, also sollte die Anbindung gut sein — maximal 15 Minuten mit den Öffis. Und eine Volksschule in der Nähe ist uns extrem wichtig, die Große kommt nächstes Jahr in die Schule.\n\nAgent\n\nUnd preislich?\n\nFrau Müller\n\nUnser Maximum liegt bei 450.000 Euro. Ideal wäre zwischen 300 und 400 Tausend. Wir haben auch etwas Eigenkapital, also ist die Finanzierung grundsätzlich kein Problem.\n\nAgent\n\nPerfekt. Ich setze die Suche auf und melde mich, sobald ich passende Objekte habe. Wird nicht lange dauern!\n\nKlientenprofil\n\nAus Gespräch extrahiert · Vom Makler bearbeitet\n\nBudgetBearbeitet ✎\n\n€300k – €450k\n\nZimmerBearbeitet ✎\n\n3+ (bevorzugt 4)\n\nBezirke\n\nLeopoldstadt, Landstraße, Neubau, Josefstadt\n\nFamilie\n\n2 Erwachsene, 2 Kinder (3 und 6 Jahre)\n\nStil\n\nAltbau\n\nEinzug\n\nSofort / Innerhalb 3 Monate\n\nFinanzierung\n\nEigenkapital vorhanden, Finanzierung gesichert\n\nPrioritäten\n1. Volksschule in der Nähe\n2. U-Bahn &lt; 15 Min zum Stephansplatz\n3. Lift\n4. Balkon\n\nMakler-Notiz: Frau Müller betonte den Lift mehrfach. Budget auf 450k angehoben nach Rücksprache mit Ehemann.\n\nSuchkriterien\n\nAbgeleitet aus Klientenprofil\n\n3+ Zimmer\nMax €450.000\nBezirke 1020, 1030, 1070, 1080\nLift ✓\nBalkon ✓\nPendel max 15 Min\nSuche starten'</msg>
<msg time="2026-03-28T08:46:25.770861" level="INFO">${text} = Klienten
›
Familie Müller
SUCHE AKTIV
Gesprächsprotokoll

Telefonat vom 27. März 2026, 09:15

Agent

Guten Morgen, Frau Müller! Schön, dass wir telefonieren können. Wie geht es Ihnen und der Familie?
...</msg>
<var>${text}</var>
<arg>main</arg>
<tag>Assertion</tag>
<tag>Getter</tag>
<tag>PageContent</tag>
<doc>Returns text attribute of the element found by ``selector``.</doc>
<status status="PASS" start="2026-03-28T08:46:25.763882" elapsed="0.007003"/>
</kw>
<kw name="Convert To Lower Case" owner="String">
<msg time="2026-03-28T08:46:25.771283" level="INFO">${lower} = klienten
›
familie müller
suche aktiv
gesprächsprotokoll

telefonat vom 27. märz 2026, 09:15

agent

guten morgen, frau müller! schön, dass wir telefonieren können. wie geht es ihnen und der familie?
...</msg>
<var>${lower}</var>
<arg>${text}</arg>
<doc>Converts string to lower case.</doc>
<status status="PASS" start="2026-03-28T08:46:25.771036" elapsed="0.000269"/>
</kw>
<kw name="Convert To Lower Case" owner="String">
<msg time="2026-03-28T08:46:25.771520" level="INFO">${expected_lower} = 3+ zimmer</msg>
<var>${expected_lower}</var>
<arg>${expected}</arg>
<doc>Converts string to lower case.</doc>
<status status="PASS" start="2026-03-28T08:46:25.771379" elapsed="0.000199"/>
</kw>
<kw name="Should Contain" owner="BuiltIn">
<arg>${lower}</arg>
<arg>${expected_lower}</arg>
<doc>Fails if ``container`` does not contain ``item`` one or more times.</doc>
<status status="PASS" start="2026-03-28T08:46:25.771647" elapsed="0.000258"/>
</kw>
<arg>3+ Zimmer</arg>
<status status="PASS" start="2026-03-28T08:46:25.763585" elapsed="0.008376"/>
</kw>
<kw name="Main Text Should Contain">
<kw name="Get Text" owner="Browser">
[...]
<doc>Waits until page has navigated to given ``url``.</doc>
<status status="PASS" start="2026-03-28T08:46:46.515118" elapsed="0.028097"/>
</kw>
<kw name="Main Text Should Contain">
<kw name="Get Text" owner="Browser">
<msg time="2026-03-28T08:46:46.561142" level="INFO">Text: 'Klienten\n›\nFamilie Müller\nSUCHE AKTIV\nGesprächsprotokoll\n\nTelefonat vom 27. März 2026, 09:15\n\nAgent\n\nGuten Morgen, Frau Müller! Schön, dass wir telefonieren können. Wie geht es Ihnen und der Familie?\n\nFrau Müller\n\nDanke, gut! Die Kinder werden langsam größer, deswegen wird die jetzige Wohnung wirklich zu eng. Wir brauchen unbedingt mehr Platz.\n\nAgent\n\nVerstehe. Was genau suchen Sie?\n\nFrau Müller\n\nMindestens drei Zimmer, besser vier. Am liebsten Altbau mit hohen Decken — das hat einfach Charme. Ein Balkon wäre toll, und ganz wichtig: ein Lift! Mit zwei kleinen Kindern und dem Kinderwagen ist das ohne Aufzug wirklich mühsam.\n\nAgent\n\nAbsolut nachvollziehbar. Und welche Bezirke kommen für Sie in Frage?\n\nFrau Müller\n\nWir schauen uns den 2., 3., 7. und 8. Bezirk an. Mein Mann arbeitet am Stephansplatz, also sollte die Anbindung gut sein — maximal 15 Minuten mit den Öffis. Und eine Volksschule in der Nähe ist uns extrem wichtig, die Große kommt nächstes Jahr in die Schule.\n\nAgent\n\nUnd preislich?\n\nFrau Müller\n\nUnser Maximum liegt bei 450.000 Euro. Ideal wäre zwischen 300 und 400 Tausend. Wir haben auch etwas Eigenkapital, also ist die Finanzierung grundsätzlich kein Problem.\n\nAgent\n\nPerfekt. Ich setze die Suche auf und melde mich, sobald ich passende Objekte habe. Wird nicht lange dauern!\n\nKlientenprofil\n\nAus Gespräch extrahiert · Vom Makler bearbeitet\n\nBudgetBearbeitet ✎\n\n€300k – €450k\n\nZimmerBearbeitet ✎\n\n3+ (bevorzugt 4)\n\nBezirke\n\nLeopoldstadt, Landstraße, Neubau, Josefstadt\n\nFamilie\n\n2 Erwachsene, 2 Kinder (3 und 6 Jahre)\n\nStil\n\nAltbau\n\nEinzug\n\nSofort / Innerhalb 3 Monate\n\nFinanzierung\n\nEigenkapital vorhanden, Finanzierung gesichert\n\nPrioritäten\n1. Volksschule in der Nähe\n2. U-Bahn &lt; 15 Min zum Stephansplatz\n3. Lift\n4. Balkon\n\nMakler-Notiz: Frau Müller betonte den Lift mehrfach. Budget auf 450k angehoben nach Rücksprache mit Ehemann.\n\nSuchkriterien\n\nAbgeleitet aus Klientenprofil\n\n3+ Zimmer\nMax €450.000\nBezirke 1020, 1030, 1070, 1080\nLift ✓\nBalkon ✓\nPendel max 15 Min\nSuche starten'</msg>
<msg time="2026-03-28T08:46:46.561307" level="INFO">${text} = Klienten
›
Familie Müller
SUCHE AKTIV
Gesprächsprotokoll

Telefonat vom 27. März 2026, 09:15

Agent

Guten Morgen, Frau Müller! Schön, dass wir telefonieren können. Wie geht es Ihnen und der Familie?
...</msg>
<var>${text}</var>
<arg>main</arg>
<tag>Assertion</tag>
<tag>Getter</tag>
<tag>PageContent</tag>
<doc>Returns text attribute of the element found by ``selector``.</doc>
<status status="PASS" start="2026-03-28T08:46:46.543855" elapsed="0.017476"/>
</kw>
<kw name="Convert To Lower Case" owner="String">
<msg time="2026-03-28T08:46:46.561800" level="INFO">${lower} = klienten
›
familie müller
suche aktiv
gesprächsprotokoll

telefonat vom 27. märz 2026, 09:15

agent

guten morgen, frau müller! schön, dass wir telefonieren können. wie geht es ihnen und der familie?
...</msg>
<var>${lower}</var>
<arg>${text}</arg>
<doc>Converts string to lower case.</doc>
<status status="PASS" start="2026-03-28T08:46:46.561505" elapsed="0.000350"/>
</kw>
<kw name="Convert To Lower Case" owner="String">
<msg time="2026-03-28T08:46:46.562125" level="INFO">${expected_lower} = gesprächsprotokoll</msg>
<var>${expected_lower}</var>
<arg>${expected}</arg>
<doc>Converts string to lower case.</doc>
<status status="PASS" start="2026-03-28T08:46:46.561956" elapsed="0.000189"/>
</kw>
<kw name="Should Contain" owner="BuiltIn">
<arg>${lower}</arg>
<arg>${expected_lower}</arg>
<doc>Fails if ``container`` does not contain ``item`` one or more times.</doc>
<status status="PASS" start="2026-03-28T08:46:46.562219" elapsed="0.000261"/>
</kw>
<arg>Gesprächsprotokoll</arg>
<status status="PASS" start="2026-03-28T08:46:46.543529" elapsed="0.019007"/>
</kw>
<kw name="Main Text Should Contain">
<kw name="Get Text" owner="Browser">
<msg time="2026-03-28T08:46:46.569804" level="INFO">Text: 'Klienten\n›\nFamilie Müller\nSUCHE AKTIV\nGesprächsprotokoll\n\nTelefonat vom 27. März 2026, 09:15\n\nAgent\n\nGuten Morgen, Frau Müller! Schön, dass wir telefonieren können. Wie geht es Ihnen und der Familie?\n\nFrau Müller\n\nDanke, gut! Die Kinder werden langsam größer, deswegen wird die jetzige Wohnung wirklich zu eng. Wir brauchen unbedingt mehr Platz.\n\nAgent\n\nVerstehe. Was genau suchen Sie?\n\nFrau Müller\n\nMindestens drei Zimmer, besser vier. Am liebsten Altbau mit hohen Decken — das hat einfach Charme. Ein Balkon wäre toll, und ganz wichtig: ein Lift! Mit zwei kleinen Kindern und dem Kinderwagen ist das ohne Aufzug wirklich mühsam.\n\nAgent\n\nAbsolut nachvollziehbar. Und welche Bezirke kommen für Sie in Frage?\n\nFrau Müller\n\nWir schauen uns den 2., 3., 7. und 8. Bezirk an. Mein Mann arbeitet am Stephansplatz, also sollte die Anbindung gut sein — maximal 15 Minuten mit den Öffis. Und eine Volksschule in der Nähe ist uns extrem wichtig, die Große kommt nächstes Jahr in die Schule.\n\nAgent\n\nUnd preislich?\n\nFrau Müller\n\nUnser Maximum liegt bei 450.000 Euro. Ideal wäre zwischen 300 und 400 Tausend. Wir haben auch etwas Eigenkapital, also ist die Finanzierung grundsätzlich kein Problem.\n\nAgent\n\nPerfekt. Ich setze die Suche auf und melde mich, sobald ich passende Objekte habe. Wird nicht lange dauern!\n\nKlientenprofil\n\nAus Gespräch extrahiert · Vom Makler bearbeitet\n\nBudgetBearbeitet ✎\n\n€300k – €450k\n\nZimmerBearbeitet ✎\n\n3+ (bevorzugt 4)\n\nBezirke\n\nLeopoldstadt, Landstraße, Neubau, Josefstadt\n\nFamilie\n\n2 Erwachsene, 2 Kinder (3 und 6 Jahre)\n\nStil\n\nAltbau\n\nEinzug\n\nSofort / Innerhalb 3 Monate\n\nFinanzierung\n\nEigenkapital vorhanden, Finanzierung gesichert\n\nPrioritäten\n1. Volksschule in der Nähe\n2. U-Bahn &lt; 15 Min zum Stephansplatz\n3. Lift\n4. Balkon\n\nMakler-Notiz: Frau Müller betonte den Lift mehrfach. Budget auf 450k angehoben nach Rücksprache mit Ehemann.\n\nSuchkriterien\n\nAbgeleitet aus Klientenprofil\n\n3+ Zimmer\nMax €450.000\nBezirke 1020, 1030, 1070, 1080\nLift ✓\nBalkon ✓\nPendel max 15 Min\nSuche starten'</msg>
<msg time="2026-03-28T08:46:46.569941" level="INFO">${text} = Klienten
›
Familie Müller
SUCHE AKTIV
Gesprächsprotokoll

Telefonat vom 27. März 2026, 09:15

Agent

Guten Morgen, Frau Müller! Schön, dass wir telefonieren können. Wie geht es Ihnen und der Familie?
...</msg>
<var>${text}</var>
<arg>main</arg>
<tag>Assertion</tag>
<tag>Getter</tag>
<tag>PageContent</tag>
<doc>Returns text attribute of the element found by ``selector``.</doc>
<status status="PASS" start="2026-03-28T08:46:46.562948" elapsed="0.007014"/>
</kw>
<kw name="Convert To Lower Case" owner="String">
<msg time="2026-03-28T08:46:46.570352" level="INFO">${lower} = klienten
›
familie müller
suche aktiv
gesprächsprotokoll

telefonat vom 27. märz 2026, 09:15

agent

guten morgen, frau müller! schön, dass wir telefonieren können. wie geht es ihnen und der familie?
...</msg>
<var>${lower}</var>
<arg>${text}</arg>
<doc>Converts string to lower case.</doc>
<status status="PASS" start="2026-03-28T08:46:46.570098" elapsed="0.000275"/>
</kw>
<kw name="Convert To Lower Case" owner="String">
<msg time="2026-03-28T08:46:46.570571" level="INFO">${expected_lower} = suchkriterien</msg>
<var>${expected_lower}</var>
<arg>${expected}</arg>
<doc>Converts string to lower case.</doc>
<status status="PASS" start="2026-03-28T08:46:46.570442" elapsed="0.000146"/>
</kw>
<kw name="Should Contain" owner="BuiltIn">
<arg>${lower}</arg>
<arg>${expected_lower}</arg>
<doc>Fails if ``container`` does not contain ``item`` one or more times.</doc>
<status status="PASS" start="2026-03-28T08:46:46.570653" elapsed="0.000238"/>
</kw>
<arg>Suchkriterien</arg>
<status status="PASS" start="2026-03-28T08:46:46.562703" elapsed="0.008241"/>
</kw>
<kw name="Click" owner="Browser">
<msg time="2026-03-28T08:46:46.571239" level="INFO">Clicks the element 'button &gt;&gt; text=Suche starten'.</msg>
<arg>button &gt;&gt; text=Suche starten</arg>
<tag>PageContent</tag>
<tag>Setter</tag>
<doc>Simulates mouse click on the element found by ``selector``.</doc>
<status status="PASS" start="2026-03-28T08:46:46.571017" elapsed="0.014514"/>
</kw>
<kw name="Sleep" owner="BuiltIn">
<msg time="2026-03-28T08:46:58.589694" level="INFO">Slept 12 seconds.</msg>
<arg>12s</arg>
<doc>Pauses the test executed for the given time.</doc>
<status status="PASS" start="2026-03-28T08:46:46.585709" elapsed="12.007492"/>
</kw>
<kw name="Main Text Should Contain">
<kw name="Get Text" owner="Browser">
<msg time="2026-03-28T08:46:58.611609" level="INFO">Text: 'Klienten\n›\nFamilie Müller\nSUCHE AKTIV\nGesprächsprotokoll\n\nTelefonat vom 27. März 2026, 09:15\n\nAgent\n\nGuten Morgen, Frau Müller! Schön, dass wir telefonieren können. Wie geht es Ihnen und der Familie?\n\nFrau Müller\n\nDanke, gut! Die Kinder werden langsam größer, deswegen wird die jetzige Wohnung wirklich zu eng. Wir brauchen unbedingt mehr Platz.\n\nAgent\n\nVerstehe. Was genau suchen Sie?\n\nFrau Müller\n\nMindestens drei Zimmer, besser vier. Am liebsten Altbau mit hohen Decken — das hat einfach Charme. Ein Balkon wäre toll, und ganz wichtig: ein Lift! Mit zwei kleinen Kindern und dem Kinderwagen ist das ohne Aufzug wirklich mühsam.\n\nAgent\n\nAbsolut nachvollziehbar. Und welche Bezirke kommen für Sie in Frage?\n\nFrau Müller\n\nWir schauen uns den 2., 3., 7. und 8. Bezirk an. Mein Mann arbeitet am Stephansplatz, also sollte die Anbindung gut sein — maximal 15 Minuten mit den Öffis. Und eine Volksschule in der Nähe ist uns extrem wichtig, die Große kommt nächstes Jahr in die Schule.\n\nAgent\n\nUnd preislich?\n\nFrau Müller\n\nUnser Maximum liegt bei 450.000 Euro. Ideal wäre zwischen 300 und 400 Tausend. Wir haben auch etwas Eigenkapital, also ist die Finanzierung grundsätzlich kein Problem.\n\nAgent\n\nPerfekt. Ich setze die Suche auf und melde mich, sobald ich passende Objekte habe. Wird nicht lange dauern!\n\nKlientenprofil\n\nAus Gespräch extrahiert · Vom Makler bearbeitet\n\nBudgetBearbeitet ✎\n\n€300k – €450k\n\nZimmerBearbeitet ✎\n\n3+ (bevorzugt 4)\n\nBezirke\n\nLeopoldstadt, Landstraße, Neubau, Josefstadt\n\nFamilie\n\n2 Erwachsene, 2 Kinder (3 und 6 Jahre)\n\nStil\n\nAltbau\n\nEinzug\n\nSofort / Innerhalb 3 Monate\n\nFinanzierung\n\nEigenkapital vorhanden, Finanzierung gesichert\n\nPrioritäten\n1. Volksschule in der Nähe\n2. U-Bahn &lt; 15 Min zum Stephansplatz\n3. Lift\n4. Balkon\n\nMakler-Notiz: Frau Müller betonte den Lift mehrfach. Budget auf 450k angehoben nach Rücksprache mit Ehemann.\n\nSuchkriterien\n\nAbgeleitet aus Klientenprofil\n\n3+ Zimmer\nMax €450.000\nBezirke 1020, 1030, 1070, 1080\nLift ✓\nBalkon ✓\nPendel max 15 Min\n6 Objekte gefunden\n\n0 mit Signalen · 0 mit Compliance-Hinweisen\n\nAltbau-Charme in Landstraße\n\nRennweg 42, 1030 Wien · willhaben\n\n€345\xa0000\n·\n78 m²\n·\n3 Zi\n\nWhy this matches\n\nKEINE SIGNALE · 0/5\nAI RECOMMENDATION\nPenthouse am Praterstern\n\nTaborstraße 18, 1020 Wien · ImmobilienScout\n\n€789\xa0000\n·\n85 m²\n·\n3 Zi\n\nWhy this matches\n\nKEINE SIGNALE · 0/5\nGeneralsaniert in Josefstadt\n\nJosefstädter Straße 71, 1080 Wien · ImmoWelt\n\n€375\xa0000\n·\n85 m²\n·\n3 Zi\n\nWhy this matches\n\nKEINE SIGNALE · 0/5\nErstbezug Margareten — Naschmarkt-Nähe\n\nSchönbrunner Straße 47, 1050 Wien · willhaben\n\n€425\xa0000\n·\n72 m²\n·\n3 Zi\n\nWhy this matches\n\nKEINE SIGNALE · 0/5\nGründerzeit-Juwel in Favoriten\n\nQuellenstraße 132, 1100 Wien · ImmobilienScout\n\n€265\xa0000\n·\n68 m²\n·\n2 Zi\n\nWhy this matches\n\nKEINE SIGNALE · 0/5\nLoftartige Wohnung im 7. Bezirk\n\nZieglergasse 29, 1070 Wien · willhaben\n\n€520\xa0000\n·\n95 m²\n·\n3 Zi\n\nWhy this matches\n\nKEINE SIGNALE · 0/5\nVergleichsgalerie erstellen →'</msg>
<msg time="2026-03-28T08:46:58.611891" level="INFO">${text} = Klienten
›
Familie Müller
SUCHE AKTIV
Gesprächsprotokoll

Telefonat vom 27. März 2026, 09:15

Agent

Guten Morgen, Frau Müller! Schön, dass wir telefonieren können. Wie geht es Ihnen und der Familie?
...</msg>
<var>${text}</var>
<arg>main</arg>
<tag>Assertion</tag>
<tag>Getter</tag>
<tag>PageContent</tag>
<doc>Returns text attribute of the element found by ``selector``.</doc>
<status status="PASS" start="2026-03-28T08:46:58.599999" elapsed="0.012289"/>
</kw>
<kw name="Convert To Lower Case" owner="String">
<msg time="2026-03-28T08:46:58.612905" level="INFO">${lower} = klienten
›
familie müller
suche aktiv
gesprächsprotokoll

telefonat vom 27. märz 2026, 09:15

agent

guten morgen, frau müller! schön, dass wir telefonieren können. wie geht es ihnen und der familie?
...</msg>
<var>${lower}</var>
<arg>${text}</arg>
<doc>Converts string to lower case.</doc>
<status status="PASS" start="2026-03-28T08:46:58.612520" elapsed="0.000417"/>
</kw>
<kw name="Convert To Lower Case" owner="String">
<msg time="2026-03-28T08:46:58.613228" level="INFO">${expected_lower} = objekte gefunden</msg>
<var>${expected_lower}</var>
<arg>${expected}</arg>
<doc>Converts string to lower case.</doc>
<status status="PASS" start="2026-03-28T08:46:58.613033" elapsed="0.000218"/>
</kw>
<kw name="Should Contain" owner="BuiltIn">
<arg>${lower}</arg>
<arg>${expected_lower}</arg>
<doc>Fails if ``container`` does not contain ``item`` one or more times.</doc>
<status status="PASS" start="2026-03-28T08:46:58.613336" elapsed="0.000432"/>
</kw>
<arg>Objekte gefunden</arg>
<status status="PASS" start="2026-03-28T08:46:58.598718" elapsed="0.015158"/>
</kw>
<kw name="Evaluate JavaScript" owner="Browser">
<msg time="2026-03-28T08:46:58.616876" level="INFO">JavaScript executed successfully.</msg>
<arg>${None}</arg>
<arg>localStorage.clear()</arg>
<tag>Getter</tag>
<tag>PageContent</tag>
<tag>Setter</tag>
<doc>Executes given javascript on the selected element(s) or on page.</doc>
<status status="PASS" start="2026-03-28T08:46:58.614004" elapsed="0.002984"/>
</kw>
<kw name="Go To" owner="Browser">
<msg time="2026-03-28T08:46:58.700967" level="INFO">Successfully opened URL http://localhost:3000/comparison/demo</msg>
<arg>${BASE_URL}/comparison/demo</arg>
<tag>BrowserControl</tag>
<tag>Setter</tag>
<doc>Navigates to the given ``url``.</doc>
<status status="PASS" start="2026-03-28T08:46:58.617149" elapsed="0.083940"/>
</kw>
<kw name="Wait For Load State" owner="Browser">
<msg time="2026-03-28T08:46:58.701949" level="INFO">Waiting page load to state to receive networkidle in 15000.0</msg>
<msg time="2026-03-28T08:46:59.199450" level="INFO">Load state networkidle got in 15000</msg>
<arg>networkidle</arg>
<arg>timeout=${TIMEOUT}</arg>
<tag>PageContent</tag>
<tag>Wait</tag>
<doc>Waits that the page reaches the required load state.</doc>
<status status="PASS" start="2026-03-28T08:46:58.701267" elapsed="0.498306"/>
</kw>
<kw name="Sleep" owner="BuiltIn">
<msg time="2026-03-28T08:47:02.202700" level="INFO">Slept 3 seconds.</msg>
<arg>3s</arg>
<doc>Pauses the test executed for the given time.</doc>
<status status="PASS" start="2026-03-28T08:46:59.199762" elapsed="3.003055"/>
</kw>
<kw name="Page Text Should Contain">
<kw name="Get Text" owner="Browser">
<msg time="2026-03-28T08:47:02.220453" level="INFO">Text: 'Klar\nPrepared for Müller Family\n\n28. März 2026\n\nBudget: €300k–€450k · 3+ rooms · Bezirke 2-9 · Family, 2 children · Priority: Schools, Transit, Elevator\n\nAltbau-Charme in Landstraße\n\nRennweg 42, 1030 Wien · willhaben\n\n€345\xa0000\n·\n78 m²\n·\n3 Zi\n·\n2. OG\n\nWhy this matches\n\nVolksschule Landstraße — 400m\nU3 Kardinal-Nagl-Platz — 200m\nElevator available\nBalcony\nSouth-facing\nNO DISTRESS SIGNALS · 0/5\nSignal: 0/5\n\nBest match for your family. The school is excellent.\n\nAI RECOMMENDATION\nPenthouse am Praterstern\n\nTaborstraße 18, 1020 Wien · ImmobilienScout\n\n€789\xa0000\n·\n85 m²\n·\n3 Zi\n·\n5. OG\n\nWhy this matches\n\nU2 Taborstraße — 150m\nElevator available\nDachterrasse\nGarage included\nNeubau 2021\nOWNER INSOLVENCY\n3 LISTINGS BY SAME OWNER\nSignal: 3/5\n\nPremium location. Signals suggest negotiation leverage.\n\nGeneralsaniert in Josefstadt\n\nJosefstädter Str. 71, 1080 Wien · ImmoWelt\n\n€375\xa0000\n·\n85 m²\n72 m² verified\n·\n3 Zi\n\nWhy this matches\n\nU2 Rathaus — 400m\nWest-facing\nFully renovated\nSQM DISCREPANCY\nSignal: 1/5\nSQM MISMATCH · § 1299 ABGB\n\nGreat area. Ask about the sqm discrepancy before viewing.\n\nCompare commute to Stephansplatz\nWhich has the best school?\nWhy is #2 recommended?\nPrice per m² comparison\n\nKlar Agent · Verified against source data · § 1299 ABGB\n\nSend\nPowered by Klar · Prepared by Marcus Adler · KaiserTech Immobilien'</msg>
<msg time="2026-03-28T08:47:02.220596" level="INFO">${text} = Klar
Prepared for Müller Family

28. März 2026

Budget: €300k–€450k · 3+ rooms · Bezirke 2-9 · Family, 2 children · Priority: Schools, Transit, Elevator

Altbau-Charme in Landstraße

Rennweg 42, 1030 ...</msg>
<var>${text}</var>
<arg>body</arg>
<tag>Assertion</tag>
<tag>Getter</tag>
<tag>PageContent</tag>
<doc>Returns text attribute of the element found by ``selector``.</doc>
<status status="PASS" start="2026-03-28T08:47:02.203431" elapsed="0.017188"/>
</kw>
<kw name="Convert To Lower Case" owner="String">
<msg time="2026-03-28T08:47:02.221016" level="INFO">${lower} = klar
prepared for müller family

28. märz 2026

budget: €300k–€450k · 3+ rooms · bezirke 2-9 · family, 2 children · priority: schools, transit, elevator

altbau-charme in landstraße

rennweg 42, 1030 ...</msg>
<var>${lower}</var>
<arg>${text}</arg>
<doc>Converts string to lower case.</doc>
<status status="PASS" start="2026-03-28T08:47:02.220771" elapsed="0.000267"/>
</kw>
<kw name="Convert To Lower Case" owner="String">
<msg time="2026-03-28T08:47:02.221287" level="INFO">${expected_lower} = prepared for müller family</msg>
<var>${expected_lower}</var>
<arg>${expected}</arg>
<doc>Converts string to lower case.</doc>
<status status="PASS" start="2026-03-28T08:47:02.221114" elapsed="0.000198"/>
</kw>
<kw name="Should Contain" owner="BuiltIn">
<arg>${lower}</arg>
<arg>${expected_lower}</arg>
<doc>Fails if ``container`` does not contain ``item`` one or more times.</doc>
<status status="PASS" start="2026-03-28T08:47:02.221416" elapsed="0.000310"/>
</kw>
<arg>Prepared for Müller Family</arg>
<status status="PASS" start="2026-03-28T08:47:02.203044" elapsed="0.018741"/>
</kw>
<kw name="Take Evidence Screenshot">
<kw name="Take Screenshot" owner="Browser">
<msg time="2026-03-28T08:47:02.382568" level="INFO" html="true">&lt;/td&gt;&lt;/tr&gt;&lt;tr&gt;&lt;td colspan="3"&gt;&lt;a href="browser/screenshot/17-full-demo-complete.png" target="_blank"&gt;&lt;img src="browser/screenshot/17-full-demo-complete.png" width="800px"/&gt;&lt;/a&gt;</msg>
<arg>filename=${name}</arg>
<arg>fullPage=true</arg>
<tag>PageContent</tag>
<doc>Takes a screenshot of the current window or element and saves it to disk.</doc>
<status status="PASS" start="2026-03-28T08:47:02.222147" elapsed="0.160521"/>
</kw>
<arg>17-full-demo-complete</arg>
<status status="PASS" start="2026-03-28T08:47:02.221902" elapsed="0.160850"/>
</kw>
<doc>Complete demo: Dashboard → Client → Pipeline → Comparison</doc>
<status status="PASS" start="2026-03-28T08:46:46.381294" elapsed="16.001560"/>
</test>
<kw name="Close Browser" owner="Browser" type="TEARDOWN">
<msg time="2026-03-28T08:47:02.410782" level="INFO">Closed browser</msg>
<tag>BrowserControl</tag>
<tag>Setter</tag>
<doc>Closes the current browser.</doc>
<status status="PASS" start="2026-03-28T08:47:02.386616" elapsed="0.024302"/>
</kw>
<status status="PASS" start="2026-03-28T08:46:22.022950" elapsed="40.388035"/>
</suite>
<statistics>
<total>
<stat pass="33" fail="0" skip="0">All Tests</stat>
</total>
<tag>
</tag>
<suite>
<stat name="Klar Demo" id="s1" pass="33" fail="0" skip="0">Klar Demo</stat>
</suite>
</statistics>
<errors>
</errors>
</robot>
